Log file open, 03/01/18 18:38:52
LogWindows: LoadLibraryWithSearchPaths failed for file aqProf.dll. GetLastError=0
LogWindows: LoadLibraryWithSearchPaths failed for file VtuneApi.dll. GetLastError=0
LogWindows: LoadLibraryWithSearchPaths failed for file VtuneApi32e.dll. GetLastError=0
LogInit: Display: Running engine for game: MyProject
LogPlatformFile: Not using cached read wrapper
LogInit: Display: RandInit(1452945731) SRandInit(1452945732).
LogTaskGraph: Started task graph with 5 named threads and 14 total threads with 3 sets of task threads.
LogStats: Stats thread started at 0.170246
LogD3D11RHI: Aftermath initialized
LogPluginManager: Mounting plugin Paper2D
LogPluginManager: Mounting plugin LightPropagationVolume
LogPluginManager: Mounting plugin CodeLiteSourceCodeAccess
LogPluginManager: Mounting plugin GitSourceControl
LogPluginManager: Mounting plugin KDevelopSourceCodeAccess
LogPluginManager: Mounting plugin NullSourceCodeAccess
LogPluginManager: Mounting plugin PerforceSourceControl
LogPluginManager: Mounting plugin SubversionSourceControl
LogPluginManager: Mounting plugin UObjectPlugin
LogPluginManager: Mounting plugin VisualStudioSourceCodeAccess
LogPluginManager: Mounting plugin XCodeSourceCodeAccess
LogPluginManager: Mounting plugin AssetManagerEditor
LogPluginManager: Mounting plugin AudioCapture
LogPluginManager: Mounting plugin FacialAnimation
LogPluginManager: Mounting plugin GameplayTagsEditor
LogPluginManager: Mounting plugin MobileLauncherProfileWizard
LogPluginManager: Mounting plugin PluginBrowser
LogPluginManager: Mounting plugin SpeedTreeImporter
LogPluginManager: Mounting plugin AlembicImporter
LogPluginManager: Mounting plugin CharacterAI
LogPluginManager: Mounting plugin HTML5Networking
LogPluginManager: Mounting plugin AndroidMedia
LogPluginManager: Mounting plugin AvfMedia
LogPluginManager: Mounting plugin MediaPlayerEditor
LogPluginManager: Mounting plugin WmfMedia
LogPluginManager: Mounting plugin TcpMessaging
LogPluginManager: Mounting plugin UdpMessaging
LogPluginManager: Mounting plugin LevelSequenceEditor
LogPluginManager: Mounting plugin MatineeToLevelSequence
LogPluginManager: Mounting plugin OnlineSubsystemGooglePlay
LogPluginManager: Mounting plugin OnlineSubsystemIOS
LogPluginManager: Mounting plugin OnlineSubsystem
LogPluginManager: Mounting plugin OnlineSubsystemNull
LogPluginManager: Mounting plugin OnlineSubsystemUtils
LogPluginManager: Mounting plugin AndroidDeviceProfileSelector
LogPluginManager: Mounting plugin AndroidMoviePlayer
LogPluginManager: Mounting plugin AndroidPermission
LogPluginManager: Mounting plugin AppleMoviePlayer
LogPluginManager: Mounting plugin ArchVisCharacter
LogPluginManager: Mounting plugin CableComponent
LogPluginManager: Mounting plugin CustomMeshComponent
LogPluginManager: Mounting plugin ExampleDeviceProfileSelector
LogPluginManager: Mounting plugin GoogleCloudMessaging
LogPluginManager: Mounting plugin ImmediatePhysics
LogPluginManager: Mounting plugin IOSDeviceProfileSelector
LogPluginManager: Mounting plugin LinuxDeviceProfileSelector
LogPluginManager: Mounting plugin LocationServicesBPLibrary
LogPluginManager: Mounting plugin MobilePatchingUtils
LogPluginManager: Mounting plugin OculusVR
LogPluginManager: Mounting plugin PhysXVehicles
LogPluginManager: Mounting plugin ProceduralMeshComponent
LogPluginManager: Mounting plugin RuntimePhysXCooking
LogPluginManager: Mounting plugin SteamVR
LogPluginManager: Mounting plugin WindowsMoviePlayer
LogInit: Using libcurl 7.47.1
LogInit:  - built for x86_64-pc-win32
LogInit:  - supports SSL with OpenSSL/1.0.2g
LogInit:  - supports HTTP deflate (compression) using libz 1.2.8
LogInit:  - other features:
LogInit:      CURL_VERSION_SSL
LogInit:      CURL_VERSION_LIBZ
LogInit:      CURL_VERSION_IPV6
LogInit:      CURL_VERSION_ASYNCHDNS
LogInit:      CURL_VERSION_LARGEFILE
LogInit:      CURL_VERSION_IDN
LogInit:  CurlRequestOptions (configurable via config and command line):
LogInit:  - bVerifyPeer = false  - Libcurl will NOT verify peer certificate
LogInit:  - bUseHttpProxy = false  - Libcurl will NOT use HTTP proxy
LogInit:  - bDontReuseConnections = false  - Libcurl will reuse connections
LogInit:  - CertBundlePath = nullptr  - Libcurl will use whatever was configured at build time.
LogInit: Build: ++UE4+Release-4.17-CL-3586342
LogInit: Engine Version: 4.17.1-3586342+++UE4+Release-4.17
LogInit: Compatible Engine Version: 4.17.0-3573198+++UE4+Release-4.17
LogInit: Net CL: 3573198
LogDevObjectVersion: Number of dev versions registered: 16
LogDevObjectVersion:   Dev-Blueprints (B0D832E4-1F89-4F0D-ACCF-7EB736FD4AA2): 10
LogDevObjectVersion:   Dev-Build (E1C64328-A22C-4D53-A36C-8E866417BD8C): 0
LogDevObjectVersion:   Dev-Core (375EC13C-06E4-48FB-B500-84F0262A717E): 2
LogDevObjectVersion:   Dev-Editor (E4B068ED-F494-42E9-A231-DA0B2E46BB41): 20
LogDevObjectVersion:   Dev-Framework (CFFC743F-43B0-4480-9391-14DF171D2073): 28
LogDevObjectVersion:   Dev-Mobile (B02B49B5-BB20-44E9-A304-32B752E40360): 0
LogDevObjectVersion:   Dev-Networking (A4E4105C-59A1-49B5-A7C5-40C4547EDFEE): 0
LogDevObjectVersion:   Dev-Online (39C831C9-5AE6-47DC-9A44-9C173E1C8E7C): 0
LogDevObjectVersion:   Dev-Physics (78F01B33-EBEA-4F98-B9B4-84EACCB95AA2): 0
LogDevObjectVersion:   Dev-Platform (6631380F-2D4D-43E0-8009-CF276956A95A): 0
LogDevObjectVersion:   Dev-Rendering (12F88B9F-8875-4AFC-A67C-D90C383ABD29): 19
LogDevObjectVersion:   Dev-Sequencer (7B5AE74C-D270-4C10-A958-57980B212A5A): 4
LogDevObjectVersion:   Dev-VR (D7296918-1DD6-4BDD-9DE2-64A83CC13884): 0
LogDevObjectVersion:   Dev-LoadTimes (C2A15278-BFE7-4AFE-6C17-90FF531DF755): 1
LogDevObjectVersion:   Private-Geometry (6EACA3D4-40EC-4CC1-B786-8BED09428FC5): 1
LogDevObjectVersion:   Dev-AnimPhys (29E575DD-E0A3-4627-9D10-D276232CDCEA): 7
LogInit: Compiled (64-bit): Aug 15 2017 02:05:26
LogInit: Compiled with Visual C++: 19.00.24215.01
LogInit: Build Configuration: Development
LogInit: Branch Name: ++UE4+Release-4.17
LogInit: Command line: -EpicPortal 
LogInit: Base directory: C:/Program Files/Epic Games/UE_4.17/Engine/Binaries/Win64/
LogInit: Installed Engine Build: 1
LogInit: Presizing for max 8388607 objects, including 0 objects not considered by GC, pre-allocating 0 bytes for permanent pool.
LogInit: Object subsystem initialized
[2018.03.01-17.38.53:016][  0]LogInit: Selected Device Profile: [Windows]
[2018.03.01-17.38.53:016][  0]LogInit: Applying CVar settings loaded from the selected device profile: [Windows]
[2018.03.01-17.38.53:021][  0]LogInit: Computer: AI320
[2018.03.01-17.38.53:021][  0]LogInit: User: sergilopez
[2018.03.01-17.38.53:021][  0]LogInit: CPU Page size=4096, Cores=4
[2018.03.01-17.38.53:021][  0]LogInit: High frequency timer resolution =3.020410 MHz
[2018.03.01-17.38.53:021][  0]LogMemory: Memory total: Physical=15.9GB (16GB approx)
[2018.03.01-17.38.53:021][  0]LogMemory: Platform Memory Stats for Windows
[2018.03.01-17.38.53:021][  0]LogMemory: Process Physical Memory: 279.99 MB used, 279.99 MB peak
[2018.03.01-17.38.53:021][  0]LogMemory: Process Virtual Memory: 277.29 MB used, 277.29 MB peak
[2018.03.01-17.38.53:021][  0]LogMemory: Physical Memory: 7939.82 MB used,  8391.56 MB free, 16331.39 MB total
[2018.03.01-17.38.53:021][  0]LogMemory: Virtual Memory: 660.12 MB used,  8391.56 MB free, 8388608.00 MB total
[2018.03.01-17.38.53:127][  0]LogInit: Using OS detected language (ca-ES).
[2018.03.01-17.38.53:127][  0]LogInit: Using OS detected locale (ca-ES).
[2018.03.01-17.38.53:129][  0]LogTextLocalizationManager: No localization for 'ca-ES' exists, so 'en' will be used for the language.
[2018.03.01-17.38.53:129][  0]LogTextLocalizationManager: No localization for 'ca-ES' exists, so 'en' will be used for the locale.
[2018.03.01-17.38.53:709][  0]LogD3D11RHI: D3D11 adapters:
[2018.03.01-17.38.53:722][  0]LogD3D11RHI:    0. 'NVIDIA Quadro K620' (Feature Level 11_0)
[2018.03.01-17.38.53:722][  0]LogD3D11RHI:       1994/0/7909 MB DedicatedVideo/DedicatedSystem/SharedSystem, Outputs:1, VendorId:0x10de
[2018.03.01-17.38.53:722][  0]LogD3D11RHI: Chosen D3D11 Adapter: 0
[2018.03.01-17.38.53:725][  0]LogD3D11RHI: Creating new Direct3DDevice
[2018.03.01-17.38.53:725][  0]LogD3D11RHI:     GPU DeviceId: 0x13bb (for the marketing name, search the web for "GPU Device Id")
[2018.03.01-17.38.53:725][  0]LogWindows: EnumDisplayDevices:
[2018.03.01-17.38.53:725][  0]LogWindows:    0. 'NVIDIA Quadro K620' (P:1 D:1)
[2018.03.01-17.38.53:725][  0]LogWindows:    1. 'NVIDIA Quadro K620' (P:0 D:0)
[2018.03.01-17.38.53:725][  0]LogWindows:    2. 'NVIDIA Quadro K620' (P:0 D:0)
[2018.03.01-17.38.53:725][  0]LogWindows:    3. 'NVIDIA Quadro K620' (P:0 D:0)
[2018.03.01-17.38.53:725][  0]LogWindows:    4. 'RDPDD Chained DD' (P:0 D:0)
[2018.03.01-17.38.53:726][  0]LogWindows:    5. 'RDP Encoder Mirror Driver' (P:0 D:0)
[2018.03.01-17.38.53:726][  0]LogWindows:    6. 'RDP Reflector Display Driver' (P:0 D:0)
[2018.03.01-17.38.53:726][  0]LogWindows: DebugString: GetVideoDriverDetailsInvalid PrimaryIsNotTheChoosenAdapter GetVideoDriverDetailsInvalid PrimaryIsNotTheChoosenAdapter GetVideoDriverDetailsInvalid PrimaryIsNotTheChoosenAdapter FoundDriverCount:4 
[2018.03.01-17.38.53:726][  0]LogD3D11RHI:     Adapter Name: NVIDIA Quadro K620
[2018.03.01-17.38.53:726][  0]LogD3D11RHI:   Driver Version: 354.13 (internal:10.18.13.5413, unified:354.13)
[2018.03.01-17.38.53:726][  0]LogD3D11RHI:      Driver Date: 9-10-2015
[2018.03.01-17.38.53:726][  0]LogRHI: Texture pool is 1361 MB (70% of 1945 MB)
[2018.03.01-17.38.53:732][  0]LogD3D11RHI: NvAPI_D3D_GetCurrentSLIState failed: 0xfffffff7
[2018.03.01-17.38.53:732][  0]LogD3D11RHI: Async texture creation enabled
[2018.03.01-17.38.53:746][  0]LogD3D11RHI: GPU Timing Frequency: 1000.000000 (Debug: 2 2)
[2018.03.01-17.38.53:747][  0]LogShaderCompilers: Guid format shader working directory is 1 characters bigger than the processId version (D:/1_Sergi_Lopez/2ndo_DAM/Fran/UnrealExam/MyProject/Intermediate/Shaders/WorkingDirectory/7136/).
[2018.03.01-17.38.53:747][  0]LogShaderCompilers: Cleaned the shader compiler working directory 'C:/Users/sergi.lopez/AppData/Local/Temp/UnrealShaderWorkingDir/4DA7EDE9469D0DD0B5A51E8BE5EEBD67/'.
[2018.03.01-17.38.53:747][  0]LogShaderCompilers: Display: Using Local Shader Compiler.
[2018.03.01-17.38.54:506][  0]LogTemp: Display: Loaded TP AllDesktopTargetPlatform
[2018.03.01-17.38.54:546][  0]LogTemp: Display: Loaded TP MacClientTargetPlatform
[2018.03.01-17.38.54:582][  0]LogTemp: Display: Loaded TP MacNoEditorTargetPlatform
[2018.03.01-17.38.54:620][  0]LogTemp: Display: Loaded TP MacServerTargetPlatform
[2018.03.01-17.38.54:659][  0]LogTemp: Display: Loaded TP MacTargetPlatform
[2018.03.01-17.38.54:699][  0]LogTemp: Display: Loaded TP WindowsClientTargetPlatform
[2018.03.01-17.38.54:737][  0]LogTemp: Display: Loaded TP WindowsNoEditorTargetPlatform
[2018.03.01-17.38.54:780][  0]LogTemp: Display: Loaded TP WindowsServerTargetPlatform
[2018.03.01-17.38.54:818][  0]LogTemp: Display: Loaded TP WindowsTargetPlatform
[2018.03.01-17.38.54:858][  0]LogTemp: Display: Loaded TP AndroidTargetPlatform
[2018.03.01-17.38.54:895][  0]LogTemp: Display: Loaded TP Android_ASTCTargetPlatform
[2018.03.01-17.38.54:930][  0]LogTemp: Display: Loaded TP Android_ATCTargetPlatform
[2018.03.01-17.38.54:967][  0]LogTemp: Display: Loaded TP Android_DXTTargetPlatform
[2018.03.01-17.38.55:003][  0]LogTemp: Display: Loaded TP Android_ETC1TargetPlatform
[2018.03.01-17.38.55:039][  0]LogTemp: Display: Loaded TP Android_ETC2TargetPlatform
[2018.03.01-17.38.55:110][  0]LogTemp: Display: Loaded TP Android_MultiTargetPlatform
[2018.03.01-17.38.55:110][  0]LogTemp: Display: Loaded TP Android_PVRTCTargetPlatform
[2018.03.01-17.38.55:136][  0]LogTemp: Display: Loaded TP HTML5TargetPlatform
[2018.03.01-17.38.55:206][  0]LogTemp: Display: Loaded TP IOSTargetPlatform
[2018.03.01-17.38.55:228][  0]LogTemp: Display: Loaded TP TVOSTargetPlatform
[2018.03.01-17.38.55:264][  0]LogTemp: Display: Loaded TP LinuxClientTargetPlatform
[2018.03.01-17.38.55:301][  0]LogTemp: Display: Loaded TP LinuxNoEditorTargetPlatform
[2018.03.01-17.38.55:338][  0]LogTemp: Display: Loaded TP LinuxServerTargetPlatform
[2018.03.01-17.38.55:375][  0]LogTemp: Display: Loaded TP LinuxTargetPlatform
[2018.03.01-17.38.55:375][  0]LogTargetPlatformManager: Display: Building Assets For Windows
[2018.03.01-17.38.55:672][  0]LogDerivedDataCache: Display: Max Cache Size: 512 MB
[2018.03.01-17.38.55:766][  0]LogDerivedDataCache: Loaded boot cache 0.09s 94MB C:/Users/sergi.lopez/AppData/Local/UnrealEngine/4.17/DerivedDataCache/Boot.ddc.
[2018.03.01-17.38.55:766][  0]LogDerivedDataCache: Display: Loaded Boot cache: C:/Users/sergi.lopez/AppData/Local/UnrealEngine/4.17/DerivedDataCache/Boot.ddc
[2018.03.01-17.38.55:766][  0]LogDerivedDataCache: FDerivedDataBackendGraph:  Pak pak cache file D:/1_Sergi_Lopez/2ndo_DAM/Fran/UnrealExam/MyProject/DerivedDataCache/DDC.ddp not found, will not use a pak cache.
[2018.03.01-17.38.55:766][  0]LogDerivedDataCache: Unable to find inner node Pak for hierarchical cache Hierarchy.
[2018.03.01-17.38.55:766][  0]LogDerivedDataCache: FDerivedDataBackendGraph:  CompressedPak pak cache file D:/1_Sergi_Lopez/2ndo_DAM/Fran/UnrealExam/MyProject/DerivedDataCache/Compressed.ddp not found, will not use a pak cache.
[2018.03.01-17.38.55:766][  0]LogDerivedDataCache: Unable to find inner node CompressedPak for hierarchical cache Hierarchy.
[2018.03.01-17.38.55:783][  0]LogDerivedDataCache: Display: Pak cache opened for reading ../../../Engine/DerivedDataCache/Compressed.ddp.
[2018.03.01-17.38.55:794][  0]LogDerivedDataCache: Using Local data cache path C:/Users/sergi.lopez/AppData/Local/UnrealEngine/Common/DerivedDataCache: Writable
[2018.03.01-17.38.55:803][  0]LogMaterial: Verifying Global Shaders for PCD3D_SM5
[2018.03.01-17.38.55:803][  0]LogSlate: Using Freetype 2.6.0
[2018.03.01-17.38.55:804][  0]LogSlate: SlateFontCache - WITH_FREETYPE: 1, WITH_HARFBUZZ: 1
[2018.03.01-17.38.55:804][  0]LogSlate: SlateFontCache - WITH_FREETYPE: 1, WITH_HARFBUZZ: 1
[2018.03.01-17.38.56:022][  0]LogAssetRegistry: FAssetRegistry took 0.0241 seconds to start up
[2018.03.01-17.38.56:172][  0]LogInit: Selected Device Profile: [Windows]
[2018.03.01-17.38.56:176][  0]LogContentStreaming: Texture pool size is 0.00 MB
[2018.03.01-17.38.56:477][  0]LogSimplygon: Simplygon DLL not present - disabling.
[2018.03.01-17.38.56:505][  0]LogMeshReduction: Using SimplygonSwarm for distributed automatic mesh merging
[2018.03.01-17.38.56:505][  0]LogMeshReduction: Using QuadricMeshReduction for automatic static mesh reduction
[2018.03.01-17.38.56:505][  0]LogMeshReduction: No automatic skeletal mesh reduction module available
[2018.03.01-17.38.56:505][  0]LogMeshReduction: No automatic mesh merging module available
[2018.03.01-17.38.56:505][  0]LogMeshMerging: No automatic mesh merging module available
[2018.03.01-17.38.56:799][  0]LogNetVersion: MyProject , NetCL: 3573198, EngineNetVer: 2, GameNetVer: 0 (Checksum: 3113362612)
[2018.03.01-17.38.56:937][  0]LogPackageLocalizationCache: Processed 5 localized package path(s) for 1 prioritized culture(s) in 0.010939 seconds
[2018.03.01-17.38.56:942][  0]LogUObjectArray: 35825 objects as part of root set at end of initial load.
[2018.03.01-17.38.56:942][  0]LogUObjectAllocator: 7529104 out of 0 bytes used by permanent object pool.
[2018.03.01-17.38.56:942][  0]LogUObjectArray: CloseDisregardForGC: 0/0 objects in disregard for GC pool
[2018.03.01-17.38.56:983][  0]LogInit: WinSock: version 1.1 (2.2), MaxSocks=32767, MaxUdp=65467
[2018.03.01-17.38.58:849][  0]LogTcpMessaging: Initializing TcpMessaging bridge
[2018.03.01-17.38.58:880][  0]LogUdpMessaging: Initializing bridge on interface 0.0.0.0:0 to multicast group 230.0.0.1:6666.
[2018.03.01-17.38.59:292][  0]LogMaterial: Uniform references updated for custom material expression Custom.
[2018.03.01-17.38.59:569][  0]SourceControl: Source control is disabled
[2018.03.01-17.38.59:569][  0]SourceControl: Source control is disabled
[2018.03.01-17.38.59:596][  0]SourceControl: Source control is disabled
[2018.03.01-17.38.59:626][  0]SourceControl: Source control is disabled
[2018.03.01-17.38.59:971][  0]LogAndroidPermission: UAndroidPermissionCallbackProxy::GetInstance
[2018.03.01-17.39.00:116][  0]LogOcInput: OculusInput pre-init called
[2018.03.01-17.39.00:282][  0]LogEngine: Initializing Engine...
[2018.03.01-17.39.00:284][  0]LogHMD: Failed to initialize OpenVR with code 110
[2018.03.01-17.39.00:493][  0]LogStats: UGameplayTagsManager::ConstructGameplayTagTree: Construct from data asset -  0.000 s
[2018.03.01-17.39.00:493][  0]LogStats: UGameplayTagsManager::ConstructGameplayTagTree: GameplayTagTreeChangedEvent.Broadcast -  0.000 s
[2018.03.01-17.39.00:577][  0]LogAIModule: Creating AISystem for world Untitled
[2018.03.01-17.39.00:585][  0]LogInit: XAudio2 using 'Altavoces (Realtek High Definition Audio)' : 2 channels at 48 kHz using 32 bits per sample (channel mask 0x3)
[2018.03.01-17.39.00:591][  0]LogInit: FAudioDevice initialized.
[2018.03.01-17.39.00:678][  0]LogDerivedDataCache: Saved boot cache 0.09s 94MB C:/Users/sergi.lopez/AppData/Local/UnrealEngine/4.17/DerivedDataCache/Boot.ddc.
[2018.03.01-17.39.00:688][  0]LogInit: Texture streaming: Enabled
[2018.03.01-17.39.00:756][  0]LogEngineSessionManager: EngineSessionManager initialized
[2018.03.01-17.39.00:887][  0]LogInit: Transaction tracking system initialized
[2018.03.01-17.39.01:075][  0]BlueprintLog: New page: Editor Load
[2018.03.01-17.39.01:660][  0]LocalizationService: Localization service is disabled
[2018.03.01-17.39.02:095][  0]LogConsoleResponse: Display: 
[2018.03.01-17.39.02:246][  0]LogCook: Display: Max memory allowance for cook 16384mb min free memory 0mb
[2018.03.01-17.39.02:246][  0]LogCook: Display: Mobile HDR setting 1
[2018.03.01-17.39.02:246][  0]LogGameplayTags: Display: UGameplayTagsManager::DoneAddingNativeTags. DelegateIsBound: 0
[2018.03.01-17.39.02:893][  0]LogFileCache: Scanning file cache for directory 'D:/1_Sergi_Lopez/2ndo_DAM/Fran/UnrealExam/MyProject/Content/' took 0.01s
[2018.03.01-17.39.02:893][  0]SourceControl: Source control is disabled
[2018.03.01-17.39.02:901][  0]LogFactory: FactoryCreateFile: PackFactory with PackFactory (0 0 C:/Program Files/Epic Games/UE_4.17/FeaturePacks/StarterContent.upack)
[2018.03.01-17.39.02:908][  0]LogPackFactory: Finished extracting 8 files (including 0 errors).
[2018.03.01-17.39.02:909][  0]LogPackFactory: Copied "../../../Samples/StarterContent/Content/StarterContent/Architecture/Floor_400x400.uasset" to "D:/1_Sergi_Lopez/2ndo_DAM/Fran/UnrealExam/MyProject/Content/StarterContent/Architecture/Floor_400x400.uasset"
[2018.03.01-17.39.02:910][  0]LogPackFactory: Copied "../../../Samples/StarterContent/Content/StarterContent/Architecture/Pillar_50x500.uasset" to "D:/1_Sergi_Lopez/2ndo_DAM/Fran/UnrealExam/MyProject/Content/StarterContent/Architecture/Pillar_50x500.uasset"
[2018.03.01-17.39.02:914][  0]LogPackFactory: Copied "../../../Samples/StarterContent/Content/StarterContent/Architecture/SM_AssetPlatform.uasset" to "D:/1_Sergi_Lopez/2ndo_DAM/Fran/UnrealExam/MyProject/Content/StarterContent/Architecture/SM_AssetPlatform.uasset"
[2018.03.01-17.39.02:914][  0]LogPackFactory: Copied "../../../Samples/StarterContent/Content/StarterContent/Architecture/Wall_400x200.uasset" to "D:/1_Sergi_Lopez/2ndo_DAM/Fran/UnrealExam/MyProject/Content/StarterContent/Architecture/Wall_400x200.uasset"
[2018.03.01-17.39.02:915][  0]LogPackFactory: Copied "../../../Samples/StarterContent/Content/StarterContent/Architecture/Wall_400x300.uasset" to "D:/1_Sergi_Lopez/2ndo_DAM/Fran/UnrealExam/MyProject/Content/StarterContent/Architecture/Wall_400x300.uasset"
[2018.03.01-17.39.02:916][  0]LogPackFactory: Copied "../../../Samples/StarterContent/Content/StarterContent/Architecture/Wall_400x400.uasset" to "D:/1_Sergi_Lopez/2ndo_DAM/Fran/UnrealExam/MyProject/Content/StarterContent/Architecture/Wall_400x400.uasset"
[2018.03.01-17.39.02:917][  0]LogPackFactory: Copied "../../../Samples/StarterContent/Content/StarterContent/Architecture/Wall_500x500.uasset" to "D:/1_Sergi_Lopez/2ndo_DAM/Fran/UnrealExam/MyProject/Content/StarterContent/Architecture/Wall_500x500.uasset"
[2018.03.01-17.39.02:917][  0]LogPackFactory: Copied "../../../Samples/StarterContent/Content/StarterContent/Architecture/Wall_Door_400x300.uasset" to "D:/1_Sergi_Lopez/2ndo_DAM/Fran/UnrealExam/MyProject/Content/StarterContent/Architecture/Wall_Door_400x300.uasset"
[2018.03.01-17.39.02:918][  0]LogPackFactory: Copied "../../../Samples/StarterContent/Content/StarterContent/Architecture/Wall_Door_400x400.uasset" to "D:/1_Sergi_Lopez/2ndo_DAM/Fran/UnrealExam/MyProject/Content/StarterContent/Architecture/Wall_Door_400x400.uasset"
[2018.03.01-17.39.02:918][  0]LogPackFactory: Copied "../../../Samples/StarterContent/Content/StarterContent/Architecture/Wall_Window_400x300.uasset" to "D:/1_Sergi_Lopez/2ndo_DAM/Fran/UnrealExam/MyProject/Content/StarterContent/Architecture/Wall_Window_400x300.uasset"
[2018.03.01-17.39.02:919][  0]LogPackFactory: Copied "../../../Samples/StarterContent/Content/StarterContent/Architecture/Wall_Window_400x400.uasset" to "D:/1_Sergi_Lopez/2ndo_DAM/Fran/UnrealExam/MyProject/Content/StarterContent/Architecture/Wall_Window_400x400.uasset"
[2018.03.01-17.39.02:921][  0]LogPackFactory: Copied "../../../Samples/StarterContent/Content/StarterContent/Audio/Collapse01.uasset" to "D:/1_Sergi_Lopez/2ndo_DAM/Fran/UnrealExam/MyProject/Content/StarterContent/Audio/Collapse01.uasset"
[2018.03.01-17.39.02:923][  0]LogPackFactory: Copied "../../../Samples/StarterContent/Content/StarterContent/Audio/Collapse02.uasset" to "D:/1_Sergi_Lopez/2ndo_DAM/Fran/UnrealExam/MyProject/Content/StarterContent/Audio/Collapse02.uasset"
[2018.03.01-17.39.02:924][  0]LogPackFactory: Copied "../../../Samples/StarterContent/Content/StarterContent/Audio/Collapse_Cue.uasset" to "D:/1_Sergi_Lopez/2ndo_DAM/Fran/UnrealExam/MyProject/Content/StarterContent/Audio/Collapse_Cue.uasset"
[2018.03.01-17.39.02:925][  0]LogPackFactory: Copied "../../../Samples/StarterContent/Content/StarterContent/Audio/Explosion01.uasset" to "D:/1_Sergi_Lopez/2ndo_DAM/Fran/UnrealExam/MyProject/Content/StarterContent/Audio/Explosion01.uasset"
[2018.03.01-17.39.02:927][  0]LogPackFactory: Copied "../../../Samples/StarterContent/Content/StarterContent/Audio/Explosion02.uasset" to "D:/1_Sergi_Lopez/2ndo_DAM/Fran/UnrealExam/MyProject/Content/StarterContent/Audio/Explosion02.uasset"
[2018.03.01-17.39.02:927][  0]LogPackFactory: Copied "../../../Samples/StarterContent/Content/StarterContent/Audio/Explosion_Cue.uasset" to "D:/1_Sergi_Lopez/2ndo_DAM/Fran/UnrealExam/MyProject/Content/StarterContent/Audio/Explosion_Cue.uasset"
[2018.03.01-17.39.02:930][  0]LogPackFactory: Copied "../../../Samples/StarterContent/Content/StarterContent/Audio/Fire01.uasset" to "D:/1_Sergi_Lopez/2ndo_DAM/Fran/UnrealExam/MyProject/Content/StarterContent/Audio/Fire01.uasset"
[2018.03.01-17.39.02:931][  0]LogPackFactory: Copied "../../../Samples/StarterContent/Content/StarterContent/Audio/Fire01_Cue.uasset" to "D:/1_Sergi_Lopez/2ndo_DAM/Fran/UnrealExam/MyProject/Content/StarterContent/Audio/Fire01_Cue.uasset"
[2018.03.01-17.39.02:934][  0]LogPackFactory: Copied "../../../Samples/StarterContent/Content/StarterContent/Audio/Fire_Sparks01.uasset" to "D:/1_Sergi_Lopez/2ndo_DAM/Fran/UnrealExam/MyProject/Content/StarterContent/Audio/Fire_Sparks01.uasset"
[2018.03.01-17.39.02:934][  0]LogPackFactory: Copied "../../../Samples/StarterContent/Content/StarterContent/Audio/Fire_Sparks01_Cue.uasset" to "D:/1_Sergi_Lopez/2ndo_DAM/Fran/UnrealExam/MyProject/Content/StarterContent/Audio/Fire_Sparks01_Cue.uasset"
[2018.03.01-17.39.02:936][  0]LogPackFactory: Copied "../../../Samples/StarterContent/Content/StarterContent/Audio/Light01.uasset" to "D:/1_Sergi_Lopez/2ndo_DAM/Fran/UnrealExam/MyProject/Content/StarterContent/Audio/Light01.uasset"
[2018.03.01-17.39.02:937][  0]LogPackFactory: Copied "../../../Samples/StarterContent/Content/StarterContent/Audio/Light01_Cue.uasset" to "D:/1_Sergi_Lopez/2ndo_DAM/Fran/UnrealExam/MyProject/Content/StarterContent/Audio/Light01_Cue.uasset"
[2018.03.01-17.39.02:938][  0]LogPackFactory: Copied "../../../Samples/StarterContent/Content/StarterContent/Audio/Light02.uasset" to "D:/1_Sergi_Lopez/2ndo_DAM/Fran/UnrealExam/MyProject/Content/StarterContent/Audio/Light02.uasset"
[2018.03.01-17.39.02:939][  0]LogPackFactory: Copied "../../../Samples/StarterContent/Content/StarterContent/Audio/Light02_Cue.uasset" to "D:/1_Sergi_Lopez/2ndo_DAM/Fran/UnrealExam/MyProject/Content/StarterContent/Audio/Light02_Cue.uasset"
[2018.03.01-17.39.02:942][  0]LogPackFactory: Copied "../../../Samples/StarterContent/Content/StarterContent/Audio/Smoke01.uasset" to "D:/1_Sergi_Lopez/2ndo_DAM/Fran/UnrealExam/MyProject/Content/StarterContent/Audio/Smoke01.uasset"
[2018.03.01-17.39.02:942][  0]LogPackFactory: Copied "../../../Samples/StarterContent/Content/StarterContent/Audio/Smoke01_Cue.uasset" to "D:/1_Sergi_Lopez/2ndo_DAM/Fran/UnrealExam/MyProject/Content/StarterContent/Audio/Smoke01_Cue.uasset"
[2018.03.01-17.39.02:943][  0]LogPackFactory: Copied "../../../Samples/StarterContent/Content/StarterContent/Audio/Starter_Background_Cue.uasset" to "D:/1_Sergi_Lopez/2ndo_DAM/Fran/UnrealExam/MyProject/Content/StarterContent/Audio/Starter_Background_Cue.uasset"
[2018.03.01-17.39.02:952][  0]LogPackFactory: Copied "../../../Samples/StarterContent/Content/StarterContent/Audio/Starter_Birds01.uasset" to "D:/1_Sergi_Lopez/2ndo_DAM/Fran/UnrealExam/MyProject/Content/StarterContent/Audio/Starter_Birds01.uasset"
[2018.03.01-17.39.02:981][  0]LogPackFactory: Copied "../../../Samples/StarterContent/Content/StarterContent/Audio/Starter_Music01.uasset" to "D:/1_Sergi_Lopez/2ndo_DAM/Fran/UnrealExam/MyProject/Content/StarterContent/Audio/Starter_Music01.uasset"
[2018.03.01-17.39.02:982][  0]LogPackFactory: Copied "../../../Samples/StarterContent/Content/StarterContent/Audio/Starter_Music_Cue.uasset" to "D:/1_Sergi_Lopez/2ndo_DAM/Fran/UnrealExam/MyProject/Content/StarterContent/Audio/Starter_Music_Cue.uasset"
[2018.03.01-17.39.02:990][  0]LogPackFactory: Copied "../../../Samples/StarterContent/Content/StarterContent/Audio/Starter_Wind05.uasset" to "D:/1_Sergi_Lopez/2ndo_DAM/Fran/UnrealExam/MyProject/Content/StarterContent/Audio/Starter_Wind05.uasset"
[2018.03.01-17.39.02:998][  0]LogPackFactory: Copied "../../../Samples/StarterContent/Content/StarterContent/Audio/Starter_Wind06.uasset" to "D:/1_Sergi_Lopez/2ndo_DAM/Fran/UnrealExam/MyProject/Content/StarterContent/Audio/Starter_Wind06.uasset"
[2018.03.01-17.39.03:002][  0]LogPackFactory: Copied "../../../Samples/StarterContent/Content/StarterContent/Audio/Steam01.uasset" to "D:/1_Sergi_Lopez/2ndo_DAM/Fran/UnrealExam/MyProject/Content/StarterContent/Audio/Steam01.uasset"
[2018.03.01-17.39.03:002][  0]LogPackFactory: Copied "../../../Samples/StarterContent/Content/StarterContent/Audio/Steam01_Cue.uasset" to "D:/1_Sergi_Lopez/2ndo_DAM/Fran/UnrealExam/MyProject/Content/StarterContent/Audio/Steam01_Cue.uasset"
[2018.03.01-17.39.03:004][  0]LogPackFactory: Copied "../../../Samples/StarterContent/Content/StarterContent/Blueprints/Blueprint_CeilingLight.uasset" to "D:/1_Sergi_Lopez/2ndo_DAM/Fran/UnrealExam/MyProject/Content/StarterContent/Blueprints/Blueprint_CeilingLight.uasset"
[2018.03.01-17.39.03:004][  0]LogPackFactory: Copied "../../../Samples/StarterContent/Content/StarterContent/Blueprints/Blueprint_Effect_Explosion.uasset" to "D:/1_Sergi_Lopez/2ndo_DAM/Fran/UnrealExam/MyProject/Content/StarterContent/Blueprints/Blueprint_Effect_Explosion.uasset"
[2018.03.01-17.39.03:005][  0]LogPackFactory: Copied "../../../Samples/StarterContent/Content/StarterContent/Blueprints/Blueprint_Effect_Fire.uasset" to "D:/1_Sergi_Lopez/2ndo_DAM/Fran/UnrealExam/MyProject/Content/StarterContent/Blueprints/Blueprint_Effect_Fire.uasset"
[2018.03.01-17.39.03:006][  0]LogPackFactory: Copied "../../../Samples/StarterContent/Content/StarterContent/Blueprints/Blueprint_Effect_Smoke.uasset" to "D:/1_Sergi_Lopez/2ndo_DAM/Fran/UnrealExam/MyProject/Content/StarterContent/Blueprints/Blueprint_Effect_Smoke.uasset"
[2018.03.01-17.39.03:007][  0]LogPackFactory: Copied "../../../Samples/StarterContent/Content/StarterContent/Blueprints/Blueprint_Effect_Sparks.uasset" to "D:/1_Sergi_Lopez/2ndo_DAM/Fran/UnrealExam/MyProject/Content/StarterContent/Blueprints/Blueprint_Effect_Sparks.uasset"
[2018.03.01-17.39.03:007][  0]LogPackFactory: Copied "../../../Samples/StarterContent/Content/StarterContent/Blueprints/Blueprint_Effect_Steam.uasset" to "D:/1_Sergi_Lopez/2ndo_DAM/Fran/UnrealExam/MyProject/Content/StarterContent/Blueprints/Blueprint_Effect_Steam.uasset"
[2018.03.01-17.39.03:008][  0]LogPackFactory: Copied "../../../Samples/StarterContent/Content/StarterContent/Blueprints/Blueprint_WallSconce.uasset" to "D:/1_Sergi_Lopez/2ndo_DAM/Fran/UnrealExam/MyProject/Content/StarterContent/Blueprints/Blueprint_WallSconce.uasset"
[2018.03.01-17.39.03:010][  0]LogPackFactory: Copied "../../../Samples/StarterContent/Content/StarterContent/Blueprints/BP_LightStudio.uasset" to "D:/1_Sergi_Lopez/2ndo_DAM/Fran/UnrealExam/MyProject/Content/StarterContent/Blueprints/BP_LightStudio.uasset"
[2018.03.01-17.39.03:011][  0]LogPackFactory: Copied "../../../Samples/StarterContent/Content/StarterContent/Blueprints/Assets/FogBrightnessLUT.uasset" to "D:/1_Sergi_Lopez/2ndo_DAM/Fran/UnrealExam/MyProject/Content/StarterContent/Blueprints/Assets/FogBrightnessLUT.uasset"
[2018.03.01-17.39.03:011][  0]LogPackFactory: Copied "../../../Samples/StarterContent/Content/StarterContent/Blueprints/Assets/M_LightStage_Arrows.uasset" to "D:/1_Sergi_Lopez/2ndo_DAM/Fran/UnrealExam/MyProject/Content/StarterContent/Blueprints/Assets/M_LightStage_Arrows.uasset"
[2018.03.01-17.39.03:012][  0]LogPackFactory: Copied "../../../Samples/StarterContent/Content/StarterContent/Blueprints/Assets/M_LightStage_Skybox_Black.uasset" to "D:/1_Sergi_Lopez/2ndo_DAM/Fran/UnrealExam/MyProject/Content/StarterContent/Blueprints/Assets/M_LightStage_Skybox_Black.uasset"
[2018.03.01-17.39.03:013][  0]LogPackFactory: Copied "../../../Samples/StarterContent/Content/StarterContent/Blueprints/Assets/M_LightStage_Skybox_HDRI.uasset" to "D:/1_Sergi_Lopez/2ndo_DAM/Fran/UnrealExam/MyProject/Content/StarterContent/Blueprints/Assets/M_LightStage_Skybox_HDRI.uasset"
[2018.03.01-17.39.03:014][  0]LogPackFactory: Copied "../../../Samples/StarterContent/Content/StarterContent/Blueprints/Assets/M_LightStage_Skybox_Master.uasset" to "D:/1_Sergi_Lopez/2ndo_DAM/Fran/UnrealExam/MyProject/Content/StarterContent/Blueprints/Assets/M_LightStage_Skybox_Master.uasset"
[2018.03.01-17.39.03:017][  0]LogPackFactory: Copied "../../../Samples/StarterContent/Content/StarterContent/Blueprints/Assets/Skybox.uasset" to "D:/1_Sergi_Lopez/2ndo_DAM/Fran/UnrealExam/MyProject/Content/StarterContent/Blueprints/Assets/Skybox.uasset"
[2018.03.01-17.39.03:019][  0]LogPackFactory: Copied "../../../Samples/StarterContent/Content/StarterContent/Blueprints/Assets/SM_Arrows.uasset" to "D:/1_Sergi_Lopez/2ndo_DAM/Fran/UnrealExam/MyProject/Content/StarterContent/Blueprints/Assets/SM_Arrows.uasset"
[2018.03.01-17.39.03:020][  0]LogPackFactory: Copied "../../../Samples/StarterContent/Content/StarterContent/Blueprints/Assets/SunlightColorLUT.uasset" to "D:/1_Sergi_Lopez/2ndo_DAM/Fran/UnrealExam/MyProject/Content/StarterContent/Blueprints/Assets/SunlightColorLUT.uasset"
[2018.03.01-17.39.03:248][  0]LogPackFactory: Copied "../../../Samples/StarterContent/Content/StarterContent/HDRI/HDRI_Epic_Courtyard_Daylight.uasset" to "D:/1_Sergi_Lopez/2ndo_DAM/Fran/UnrealExam/MyProject/Content/StarterContent/HDRI/HDRI_Epic_Courtyard_Daylight.uasset"
[2018.03.01-17.39.03:249][  0]LogPackFactory: Copied "../../../Samples/StarterContent/Content/StarterContent/Maps/Advanced_Lighting.umap" to "D:/1_Sergi_Lopez/2ndo_DAM/Fran/UnrealExam/MyProject/Content/StarterContent/Maps/Advanced_Lighting.umap"
[2018.03.01-17.39.03:250][  0]LogPackFactory: Copied "../../../Samples/StarterContent/Content/StarterContent/Maps/Advanced_Lighting_BuiltData.uasset" to "D:/1_Sergi_Lopez/2ndo_DAM/Fran/UnrealExam/MyProject/Content/StarterContent/Maps/Advanced_Lighting_BuiltData.uasset"
[2018.03.01-17.39.03:256][  0]LogPackFactory: Copied "../../../Samples/StarterContent/Content/StarterContent/Maps/Minimal_Default.umap" to "D:/1_Sergi_Lopez/2ndo_DAM/Fran/UnrealExam/MyProject/Content/StarterContent/Maps/Minimal_Default.umap"
[2018.03.01-17.39.03:259][  0]LogPackFactory: Copied "../../../Samples/StarterContent/Content/StarterContent/Maps/Minimal_Default_BuiltData.uasset" to "D:/1_Sergi_Lopez/2ndo_DAM/Fran/UnrealExam/MyProject/Content/StarterContent/Maps/Minimal_Default_BuiltData.uasset"
[2018.03.01-17.39.03:279][  0]LogPackFactory: Copied "../../../Samples/StarterContent/Content/StarterContent/Maps/StarterMap.umap" to "D:/1_Sergi_Lopez/2ndo_DAM/Fran/UnrealExam/MyProject/Content/StarterContent/Maps/StarterMap.umap"
[2018.03.01-17.39.03:317][  0]LogPackFactory: Copied "../../../Samples/StarterContent/Content/StarterContent/Maps/StarterMap_BuiltData.uasset" to "D:/1_Sergi_Lopez/2ndo_DAM/Fran/UnrealExam/MyProject/Content/StarterContent/Maps/StarterMap_BuiltData.uasset"
[2018.03.01-17.39.03:319][  0]LogPackFactory: Copied "../../../Samples/StarterContent/Content/StarterContent/Materials/M_AssetPlatform.uasset" to "D:/1_Sergi_Lopez/2ndo_DAM/Fran/UnrealExam/MyProject/Content/StarterContent/Materials/M_AssetPlatform.uasset"
[2018.03.01-17.39.03:319][  0]LogPackFactory: Copied "../../../Samples/StarterContent/Content/StarterContent/Materials/M_Basic_Floor.uasset" to "D:/1_Sergi_Lopez/2ndo_DAM/Fran/UnrealExam/MyProject/Content/StarterContent/Materials/M_Basic_Floor.uasset"
[2018.03.01-17.39.03:321][  0]LogPackFactory: Copied "../../../Samples/StarterContent/Content/StarterContent/Materials/M_Basic_Wall.uasset" to "D:/1_Sergi_Lopez/2ndo_DAM/Fran/UnrealExam/MyProject/Content/StarterContent/Materials/M_Basic_Wall.uasset"
[2018.03.01-17.39.03:322][  0]LogPackFactory: Copied "../../../Samples/StarterContent/Content/StarterContent/Materials/M_Brick_Clay_Beveled.uasset" to "D:/1_Sergi_Lopez/2ndo_DAM/Fran/UnrealExam/MyProject/Content/StarterContent/Materials/M_Brick_Clay_Beveled.uasset"
[2018.03.01-17.39.03:323][  0]LogPackFactory: Copied "../../../Samples/StarterContent/Content/StarterContent/Materials/M_Brick_Clay_New.uasset" to "D:/1_Sergi_Lopez/2ndo_DAM/Fran/UnrealExam/MyProject/Content/StarterContent/Materials/M_Brick_Clay_New.uasset"
[2018.03.01-17.39.03:324][  0]LogPackFactory: Copied "../../../Samples/StarterContent/Content/StarterContent/Materials/M_Brick_Clay_Old.uasset" to "D:/1_Sergi_Lopez/2ndo_DAM/Fran/UnrealExam/MyProject/Content/StarterContent/Materials/M_Brick_Clay_Old.uasset"
[2018.03.01-17.39.03:325][  0]LogPackFactory: Copied "../../../Samples/StarterContent/Content/StarterContent/Materials/M_Brick_Cut_Stone.uasset" to "D:/1_Sergi_Lopez/2ndo_DAM/Fran/UnrealExam/MyProject/Content/StarterContent/Materials/M_Brick_Cut_Stone.uasset"
[2018.03.01-17.39.03:326][  0]LogPackFactory: Copied "../../../Samples/StarterContent/Content/StarterContent/Materials/M_Brick_Hewn_Stone.uasset" to "D:/1_Sergi_Lopez/2ndo_DAM/Fran/UnrealExam/MyProject/Content/StarterContent/Materials/M_Brick_Hewn_Stone.uasset"
[2018.03.01-17.39.03:328][  0]LogPackFactory: Copied "../../../Samples/StarterContent/Content/StarterContent/Materials/M_Ceramic_Tile_Checker.uasset" to "D:/1_Sergi_Lopez/2ndo_DAM/Fran/UnrealExam/MyProject/Content/StarterContent/Materials/M_Ceramic_Tile_Checker.uasset"
[2018.03.01-17.39.03:329][  0]LogPackFactory: Copied "../../../Samples/StarterContent/Content/StarterContent/Materials/M_CobbleStone_Pebble.uasset" to "D:/1_Sergi_Lopez/2ndo_DAM/Fran/UnrealExam/MyProject/Content/StarterContent/Materials/M_CobbleStone_Pebble.uasset"
[2018.03.01-17.39.03:331][  0]LogPackFactory: Copied "../../../Samples/StarterContent/Content/StarterContent/Materials/M_CobbleStone_Rough.uasset" to "D:/1_Sergi_Lopez/2ndo_DAM/Fran/UnrealExam/MyProject/Content/StarterContent/Materials/M_CobbleStone_Rough.uasset"
[2018.03.01-17.39.03:332][  0]LogPackFactory: Copied "../../../Samples/StarterContent/Content/StarterContent/Materials/M_CobbleStone_Smooth.uasset" to "D:/1_Sergi_Lopez/2ndo_DAM/Fran/UnrealExam/MyProject/Content/StarterContent/Materials/M_CobbleStone_Smooth.uasset"
[2018.03.01-17.39.03:333][  0]LogPackFactory: Copied "../../../Samples/StarterContent/Content/StarterContent/Materials/M_ColorGrid_LowSpec.uasset" to "D:/1_Sergi_Lopez/2ndo_DAM/Fran/UnrealExam/MyProject/Content/StarterContent/Materials/M_ColorGrid_LowSpec.uasset"
[2018.03.01-17.39.03:334][  0]LogPackFactory: Copied "../../../Samples/StarterContent/Content/StarterContent/Materials/M_Concrete_Grime.uasset" to "D:/1_Sergi_Lopez/2ndo_DAM/Fran/UnrealExam/MyProject/Content/StarterContent/Materials/M_Concrete_Grime.uasset"
[2018.03.01-17.39.03:335][  0]LogPackFactory: Copied "../../../Samples/StarterContent/Content/StarterContent/Materials/M_Concrete_Panels.uasset" to "D:/1_Sergi_Lopez/2ndo_DAM/Fran/UnrealExam/MyProject/Content/StarterContent/Materials/M_Concrete_Panels.uasset"
[2018.03.01-17.39.03:336][  0]LogPackFactory: Copied "../../../Samples/StarterContent/Content/StarterContent/Materials/M_Concrete_Poured.uasset" to "D:/1_Sergi_Lopez/2ndo_DAM/Fran/UnrealExam/MyProject/Content/StarterContent/Materials/M_Concrete_Poured.uasset"
[2018.03.01-17.39.03:338][  0]LogPackFactory: Copied "../../../Samples/StarterContent/Content/StarterContent/Materials/M_Concrete_Tiles.uasset" to "D:/1_Sergi_Lopez/2ndo_DAM/Fran/UnrealExam/MyProject/Content/StarterContent/Materials/M_Concrete_Tiles.uasset"
[2018.03.01-17.39.03:339][  0]LogPackFactory: Copied "../../../Samples/StarterContent/Content/StarterContent/Materials/M_Glass.uasset" to "D:/1_Sergi_Lopez/2ndo_DAM/Fran/UnrealExam/MyProject/Content/StarterContent/Materials/M_Glass.uasset"
[2018.03.01-17.39.03:340][  0]LogPackFactory: Copied "../../../Samples/StarterContent/Content/StarterContent/Materials/M_Ground_Grass.uasset" to "D:/1_Sergi_Lopez/2ndo_DAM/Fran/UnrealExam/MyProject/Content/StarterContent/Materials/M_Ground_Grass.uasset"
[2018.03.01-17.39.03:341][  0]LogPackFactory: Copied "../../../Samples/StarterContent/Content/StarterContent/Materials/M_Ground_Gravel.uasset" to "D:/1_Sergi_Lopez/2ndo_DAM/Fran/UnrealExam/MyProject/Content/StarterContent/Materials/M_Ground_Gravel.uasset"
[2018.03.01-17.39.03:342][  0]LogPackFactory: Copied "../../../Samples/StarterContent/Content/StarterContent/Materials/M_Ground_Moss.uasset" to "D:/1_Sergi_Lopez/2ndo_DAM/Fran/UnrealExam/MyProject/Content/StarterContent/Materials/M_Ground_Moss.uasset"
[2018.03.01-17.39.03:343][  0]LogPackFactory: Copied "../../../Samples/StarterContent/Content/StarterContent/Materials/M_Metal_Brushed_Nickel.uasset" to "D:/1_Sergi_Lopez/2ndo_DAM/Fran/UnrealExam/MyProject/Content/StarterContent/Materials/M_Metal_Brushed_Nickel.uasset"
[2018.03.01-17.39.03:344][  0]LogPackFactory: Copied "../../../Samples/StarterContent/Content/StarterContent/Materials/M_Metal_Burnished_Steel.uasset" to "D:/1_Sergi_Lopez/2ndo_DAM/Fran/UnrealExam/MyProject/Content/StarterContent/Materials/M_Metal_Burnished_Steel.uasset"
[2018.03.01-17.39.03:345][  0]LogPackFactory: Copied "../../../Samples/StarterContent/Content/StarterContent/Materials/M_Metal_Chrome.uasset" to "D:/1_Sergi_Lopez/2ndo_DAM/Fran/UnrealExam/MyProject/Content/StarterContent/Materials/M_Metal_Chrome.uasset"
[2018.03.01-17.39.03:347][  0]LogPackFactory: Copied "../../../Samples/StarterContent/Content/StarterContent/Materials/M_Metal_Copper.uasset" to "D:/1_Sergi_Lopez/2ndo_DAM/Fran/UnrealExam/MyProject/Content/StarterContent/Materials/M_Metal_Copper.uasset"
[2018.03.01-17.39.03:348][  0]LogPackFactory: Copied "../../../Samples/StarterContent/Content/StarterContent/Materials/M_Metal_Gold.uasset" to "D:/1_Sergi_Lopez/2ndo_DAM/Fran/UnrealExam/MyProject/Content/StarterContent/Materials/M_Metal_Gold.uasset"
[2018.03.01-17.39.03:349][  0]LogPackFactory: Copied "../../../Samples/StarterContent/Content/StarterContent/Materials/M_Metal_Rust.uasset" to "D:/1_Sergi_Lopez/2ndo_DAM/Fran/UnrealExam/MyProject/Content/StarterContent/Materials/M_Metal_Rust.uasset"
[2018.03.01-17.39.03:350][  0]LogPackFactory: Copied "../../../Samples/StarterContent/Content/StarterContent/Materials/M_Metal_Steel.uasset" to "D:/1_Sergi_Lopez/2ndo_DAM/Fran/UnrealExam/MyProject/Content/StarterContent/Materials/M_Metal_Steel.uasset"
[2018.03.01-17.39.03:352][  0]LogPackFactory: Copied "../../../Samples/StarterContent/Content/StarterContent/Materials/M_Rock_Basalt.uasset" to "D:/1_Sergi_Lopez/2ndo_DAM/Fran/UnrealExam/MyProject/Content/StarterContent/Materials/M_Rock_Basalt.uasset"
[2018.03.01-17.39.03:353][  0]LogPackFactory: Copied "../../../Samples/StarterContent/Content/StarterContent/Materials/M_Rock_Marble_Polished.uasset" to "D:/1_Sergi_Lopez/2ndo_DAM/Fran/UnrealExam/MyProject/Content/StarterContent/Materials/M_Rock_Marble_Polished.uasset"
[2018.03.01-17.39.03:354][  0]LogPackFactory: Copied "../../../Samples/StarterContent/Content/StarterContent/Materials/M_Rock_Sandstone.uasset" to "D:/1_Sergi_Lopez/2ndo_DAM/Fran/UnrealExam/MyProject/Content/StarterContent/Materials/M_Rock_Sandstone.uasset"
[2018.03.01-17.39.03:356][  0]LogPackFactory: Copied "../../../Samples/StarterContent/Content/StarterContent/Materials/M_Rock_Slate.uasset" to "D:/1_Sergi_Lopez/2ndo_DAM/Fran/UnrealExam/MyProject/Content/StarterContent/Materials/M_Rock_Slate.uasset"
[2018.03.01-17.39.03:357][  0]LogPackFactory: Copied "../../../Samples/StarterContent/Content/StarterContent/Materials/M_Tech_Checker_Dot.uasset" to "D:/1_Sergi_Lopez/2ndo_DAM/Fran/UnrealExam/MyProject/Content/StarterContent/Materials/M_Tech_Checker_Dot.uasset"
[2018.03.01-17.39.03:358][  0]LogPackFactory: Copied "../../../Samples/StarterContent/Content/StarterContent/Materials/M_Tech_Hex_Tile.uasset" to "D:/1_Sergi_Lopez/2ndo_DAM/Fran/UnrealExam/MyProject/Content/StarterContent/Materials/M_Tech_Hex_Tile.uasset"
[2018.03.01-17.39.03:359][  0]LogPackFactory: Copied "../../../Samples/StarterContent/Content/StarterContent/Materials/M_Tech_Hex_Tile_Pulse.uasset" to "D:/1_Sergi_Lopez/2ndo_DAM/Fran/UnrealExam/MyProject/Content/StarterContent/Materials/M_Tech_Hex_Tile_Pulse.uasset"
[2018.03.01-17.39.03:360][  0]LogPackFactory: Copied "../../../Samples/StarterContent/Content/StarterContent/Materials/M_Tech_Panel.uasset" to "D:/1_Sergi_Lopez/2ndo_DAM/Fran/UnrealExam/MyProject/Content/StarterContent/Materials/M_Tech_Panel.uasset"
[2018.03.01-17.39.03:361][  0]LogPackFactory: Copied "../../../Samples/StarterContent/Content/StarterContent/Materials/M_Water_Lake.uasset" to "D:/1_Sergi_Lopez/2ndo_DAM/Fran/UnrealExam/MyProject/Content/StarterContent/Materials/M_Water_Lake.uasset"
[2018.03.01-17.39.03:362][  0]LogPackFactory: Copied "../../../Samples/StarterContent/Content/StarterContent/Materials/M_Water_Ocean.uasset" to "D:/1_Sergi_Lopez/2ndo_DAM/Fran/UnrealExam/MyProject/Content/StarterContent/Materials/M_Water_Ocean.uasset"
[2018.03.01-17.39.03:363][  0]LogPackFactory: Copied "../../../Samples/StarterContent/Content/StarterContent/Materials/M_Wood_Floor_Walnut_Polished.uasset" to "D:/1_Sergi_Lopez/2ndo_DAM/Fran/UnrealExam/MyProject/Content/StarterContent/Materials/M_Wood_Floor_Walnut_Polished.uasset"
[2018.03.01-17.39.03:365][  0]LogPackFactory: Copied "../../../Samples/StarterContent/Content/StarterContent/Materials/M_Wood_Floor_Walnut_Worn.uasset" to "D:/1_Sergi_Lopez/2ndo_DAM/Fran/UnrealExam/MyProject/Content/StarterContent/Materials/M_Wood_Floor_Walnut_Worn.uasset"
[2018.03.01-17.39.03:366][  0]LogPackFactory: Copied "../../../Samples/StarterContent/Content/StarterContent/Materials/M_Wood_Oak.uasset" to "D:/1_Sergi_Lopez/2ndo_DAM/Fran/UnrealExam/MyProject/Content/StarterContent/Materials/M_Wood_Oak.uasset"
[2018.03.01-17.39.03:367][  0]LogPackFactory: Copied "../../../Samples/StarterContent/Content/StarterContent/Materials/M_Wood_Pine.uasset" to "D:/1_Sergi_Lopez/2ndo_DAM/Fran/UnrealExam/MyProject/Content/StarterContent/Materials/M_Wood_Pine.uasset"
[2018.03.01-17.39.03:368][  0]LogPackFactory: Copied "../../../Samples/StarterContent/Content/StarterContent/Materials/M_Wood_Walnut.uasset" to "D:/1_Sergi_Lopez/2ndo_DAM/Fran/UnrealExam/MyProject/Content/StarterContent/Materials/M_Wood_Walnut.uasset"
[2018.03.01-17.39.03:368][  0]LogPackFactory: Copied "../../../Samples/StarterContent/Content/StarterContent/Particles/P_Ambient_Dust.uasset" to "D:/1_Sergi_Lopez/2ndo_DAM/Fran/UnrealExam/MyProject/Content/StarterContent/Particles/P_Ambient_Dust.uasset"
[2018.03.01-17.39.03:370][  0]LogPackFactory: Copied "../../../Samples/StarterContent/Content/StarterContent/Particles/P_Explosion.uasset" to "D:/1_Sergi_Lopez/2ndo_DAM/Fran/UnrealExam/MyProject/Content/StarterContent/Particles/P_Explosion.uasset"
[2018.03.01-17.39.03:372][  0]LogPackFactory: Copied "../../../Samples/StarterContent/Content/StarterContent/Particles/P_Fire.uasset" to "D:/1_Sergi_Lopez/2ndo_DAM/Fran/UnrealExam/MyProject/Content/StarterContent/Particles/P_Fire.uasset"
[2018.03.01-17.39.03:372][  0]LogPackFactory: Copied "../../../Samples/StarterContent/Content/StarterContent/Particles/P_Smoke.uasset" to "D:/1_Sergi_Lopez/2ndo_DAM/Fran/UnrealExam/MyProject/Content/StarterContent/Particles/P_Smoke.uasset"
[2018.03.01-17.39.03:373][  0]LogPackFactory: Copied "../../../Samples/StarterContent/Content/StarterContent/Particles/P_Sparks.uasset" to "D:/1_Sergi_Lopez/2ndo_DAM/Fran/UnrealExam/MyProject/Content/StarterContent/Particles/P_Sparks.uasset"
[2018.03.01-17.39.03:374][  0]LogPackFactory: Copied "../../../Samples/StarterContent/Content/StarterContent/Particles/P_Steam_Lit.uasset" to "D:/1_Sergi_Lopez/2ndo_DAM/Fran/UnrealExam/MyProject/Content/StarterContent/Particles/P_Steam_Lit.uasset"
[2018.03.01-17.39.03:375][  0]LogPackFactory: Copied "../../../Samples/StarterContent/Content/StarterContent/Particles/Materials/M_Burst.uasset" to "D:/1_Sergi_Lopez/2ndo_DAM/Fran/UnrealExam/MyProject/Content/StarterContent/Particles/Materials/M_Burst.uasset"
[2018.03.01-17.39.03:376][  0]LogPackFactory: Copied "../../../Samples/StarterContent/Content/StarterContent/Particles/Materials/M_Dust_Particle.uasset" to "D:/1_Sergi_Lopez/2ndo_DAM/Fran/UnrealExam/MyProject/Content/StarterContent/Particles/Materials/M_Dust_Particle.uasset"
[2018.03.01-17.39.03:376][  0]LogPackFactory: Copied "../../../Samples/StarterContent/Content/StarterContent/Particles/Materials/M_explosion_subUV.uasset" to "D:/1_Sergi_Lopez/2ndo_DAM/Fran/UnrealExam/MyProject/Content/StarterContent/Particles/Materials/M_explosion_subUV.uasset"
[2018.03.01-17.39.03:377][  0]LogPackFactory: Copied "../../../Samples/StarterContent/Content/StarterContent/Particles/Materials/M_Fire_SubUV.uasset" to "D:/1_Sergi_Lopez/2ndo_DAM/Fran/UnrealExam/MyProject/Content/StarterContent/Particles/Materials/M_Fire_SubUV.uasset"
[2018.03.01-17.39.03:378][  0]LogPackFactory: Copied "../../../Samples/StarterContent/Content/StarterContent/Particles/Materials/m_flare_01.uasset" to "D:/1_Sergi_Lopez/2ndo_DAM/Fran/UnrealExam/MyProject/Content/StarterContent/Particles/Materials/m_flare_01.uasset"
[2018.03.01-17.39.03:379][  0]LogPackFactory: Copied "../../../Samples/StarterContent/Content/StarterContent/Particles/Materials/M_Heat_Distortion.uasset" to "D:/1_Sergi_Lopez/2ndo_DAM/Fran/UnrealExam/MyProject/Content/StarterContent/Particles/Materials/M_Heat_Distortion.uasset"
[2018.03.01-17.39.03:379][  0]LogPackFactory: Copied "../../../Samples/StarterContent/Content/StarterContent/Particles/Materials/M_Radial_Gradient.uasset" to "D:/1_Sergi_Lopez/2ndo_DAM/Fran/UnrealExam/MyProject/Content/StarterContent/Particles/Materials/M_Radial_Gradient.uasset"
[2018.03.01-17.39.03:380][  0]LogPackFactory: Copied "../../../Samples/StarterContent/Content/StarterContent/Particles/Materials/M_radial_ramp.uasset" to "D:/1_Sergi_Lopez/2ndo_DAM/Fran/UnrealExam/MyProject/Content/StarterContent/Particles/Materials/M_radial_ramp.uasset"
[2018.03.01-17.39.03:381][  0]LogPackFactory: Copied "../../../Samples/StarterContent/Content/StarterContent/Particles/Materials/M_smoke_subUV.uasset" to "D:/1_Sergi_Lopez/2ndo_DAM/Fran/UnrealExam/MyProject/Content/StarterContent/Particles/Materials/M_smoke_subUV.uasset"
[2018.03.01-17.39.03:382][  0]LogPackFactory: Copied "../../../Samples/StarterContent/Content/StarterContent/Particles/Materials/M_Spark.uasset" to "D:/1_Sergi_Lopez/2ndo_DAM/Fran/UnrealExam/MyProject/Content/StarterContent/Particles/Materials/M_Spark.uasset"
[2018.03.01-17.39.03:384][  0]LogPackFactory: Copied "../../../Samples/StarterContent/Content/StarterContent/Props/MaterialSphere.uasset" to "D:/1_Sergi_Lopez/2ndo_DAM/Fran/UnrealExam/MyProject/Content/StarterContent/Props/MaterialSphere.uasset"
[2018.03.01-17.39.03:385][  0]LogPackFactory: Copied "../../../Samples/StarterContent/Content/StarterContent/Props/SM_Bush.uasset" to "D:/1_Sergi_Lopez/2ndo_DAM/Fran/UnrealExam/MyProject/Content/StarterContent/Props/SM_Bush.uasset"
[2018.03.01-17.39.03:386][  0]LogPackFactory: Copied "../../../Samples/StarterContent/Content/StarterContent/Props/SM_Chair.uasset" to "D:/1_Sergi_Lopez/2ndo_DAM/Fran/UnrealExam/MyProject/Content/StarterContent/Props/SM_Chair.uasset"
[2018.03.01-17.39.03:387][  0]LogPackFactory: Copied "../../../Samples/StarterContent/Content/StarterContent/Props/SM_CornerFrame.uasset" to "D:/1_Sergi_Lopez/2ndo_DAM/Fran/UnrealExam/MyProject/Content/StarterContent/Props/SM_CornerFrame.uasset"
[2018.03.01-17.39.03:389][  0]LogPackFactory: Copied "../../../Samples/StarterContent/Content/StarterContent/Props/SM_Couch.uasset" to "D:/1_Sergi_Lopez/2ndo_DAM/Fran/UnrealExam/MyProject/Content/StarterContent/Props/SM_Couch.uasset"
[2018.03.01-17.39.03:391][  0]LogPackFactory: Copied "../../../Samples/StarterContent/Content/StarterContent/Props/SM_Door.uasset" to "D:/1_Sergi_Lopez/2ndo_DAM/Fran/UnrealExam/MyProject/Content/StarterContent/Props/SM_Door.uasset"
[2018.03.01-17.39.03:391][  0]LogPackFactory: Copied "../../../Samples/StarterContent/Content/StarterContent/Props/SM_DoorFrame.uasset" to "D:/1_Sergi_Lopez/2ndo_DAM/Fran/UnrealExam/MyProject/Content/StarterContent/Props/SM_DoorFrame.uasset"
[2018.03.01-17.39.03:393][  0]LogPackFactory: Copied "../../../Samples/StarterContent/Content/StarterContent/Props/SM_GlassWindow.uasset" to "D:/1_Sergi_Lopez/2ndo_DAM/Fran/UnrealExam/MyProject/Content/StarterContent/Props/SM_GlassWindow.uasset"
[2018.03.01-17.39.03:394][  0]LogPackFactory: Copied "../../../Samples/StarterContent/Content/StarterContent/Props/SM_Lamp_Ceiling.uasset" to "D:/1_Sergi_Lopez/2ndo_DAM/Fran/UnrealExam/MyProject/Content/StarterContent/Props/SM_Lamp_Ceiling.uasset"
[2018.03.01-17.39.03:395][  0]LogPackFactory: Copied "../../../Samples/StarterContent/Content/StarterContent/Props/SM_Lamp_Wall.uasset" to "D:/1_Sergi_Lopez/2ndo_DAM/Fran/UnrealExam/MyProject/Content/StarterContent/Props/SM_Lamp_Wall.uasset"
[2018.03.01-17.39.03:404][  0]LogPackFactory: Copied "../../../Samples/StarterContent/Content/StarterContent/Props/SM_MatPreviewMesh_02.uasset" to "D:/1_Sergi_Lopez/2ndo_DAM/Fran/UnrealExam/MyProject/Content/StarterContent/Props/SM_MatPreviewMesh_02.uasset"
[2018.03.01-17.39.03:405][  0]LogPackFactory: Copied "../../../Samples/StarterContent/Content/StarterContent/Props/SM_PillarFrame.uasset" to "D:/1_Sergi_Lopez/2ndo_DAM/Fran/UnrealExam/MyProject/Content/StarterContent/Props/SM_PillarFrame.uasset"
[2018.03.01-17.39.03:406][  0]LogPackFactory: Copied "../../../Samples/StarterContent/Content/StarterContent/Props/SM_PillarFrame300.uasset" to "D:/1_Sergi_Lopez/2ndo_DAM/Fran/UnrealExam/MyProject/Content/StarterContent/Props/SM_PillarFrame300.uasset"
[2018.03.01-17.39.03:407][  0]LogPackFactory: Copied "../../../Samples/StarterContent/Content/StarterContent/Props/SM_Rock.uasset" to "D:/1_Sergi_Lopez/2ndo_DAM/Fran/UnrealExam/MyProject/Content/StarterContent/Props/SM_Rock.uasset"
[2018.03.01-17.39.03:408][  0]LogPackFactory: Copied "../../../Samples/StarterContent/Content/StarterContent/Props/SM_Shelf.uasset" to "D:/1_Sergi_Lopez/2ndo_DAM/Fran/UnrealExam/MyProject/Content/StarterContent/Props/SM_Shelf.uasset"
[2018.03.01-17.39.03:409][  0]LogPackFactory: Copied "../../../Samples/StarterContent/Content/StarterContent/Props/SM_Stairs.uasset" to "D:/1_Sergi_Lopez/2ndo_DAM/Fran/UnrealExam/MyProject/Content/StarterContent/Props/SM_Stairs.uasset"
[2018.03.01-17.39.03:418][  0]LogPackFactory: Copied "../../../Samples/StarterContent/Content/StarterContent/Props/SM_Statue.uasset" to "D:/1_Sergi_Lopez/2ndo_DAM/Fran/UnrealExam/MyProject/Content/StarterContent/Props/SM_Statue.uasset"
[2018.03.01-17.39.03:446][  0]LogPackFactory: Copied "../../../Samples/StarterContent/Content/StarterContent/Props/SM_TableRound.uasset" to "D:/1_Sergi_Lopez/2ndo_DAM/Fran/UnrealExam/MyProject/Content/StarterContent/Props/SM_TableRound.uasset"
[2018.03.01-17.39.03:454][  0]LogPackFactory: Copied "../../../Samples/StarterContent/Content/StarterContent/Props/SM_WindowFrame.uasset" to "D:/1_Sergi_Lopez/2ndo_DAM/Fran/UnrealExam/MyProject/Content/StarterContent/Props/SM_WindowFrame.uasset"
[2018.03.01-17.39.03:461][  0]LogPackFactory: Copied "../../../Samples/StarterContent/Content/StarterContent/Props/Materials/M_Bush.uasset" to "D:/1_Sergi_Lopez/2ndo_DAM/Fran/UnrealExam/MyProject/Content/StarterContent/Props/Materials/M_Bush.uasset"
[2018.03.01-17.39.03:471][  0]LogPackFactory: Copied "../../../Samples/StarterContent/Content/StarterContent/Props/Materials/M_Chair.uasset" to "D:/1_Sergi_Lopez/2ndo_DAM/Fran/UnrealExam/MyProject/Content/StarterContent/Props/Materials/M_Chair.uasset"
[2018.03.01-17.39.03:477][  0]LogPackFactory: Copied "../../../Samples/StarterContent/Content/StarterContent/Props/Materials/M_Door.uasset" to "D:/1_Sergi_Lopez/2ndo_DAM/Fran/UnrealExam/MyProject/Content/StarterContent/Props/Materials/M_Door.uasset"
[2018.03.01-17.39.03:485][  0]LogPackFactory: Copied "../../../Samples/StarterContent/Content/StarterContent/Props/Materials/M_Frame.uasset" to "D:/1_Sergi_Lopez/2ndo_DAM/Fran/UnrealExam/MyProject/Content/StarterContent/Props/Materials/M_Frame.uasset"
[2018.03.01-17.39.03:490][  0]LogPackFactory: Copied "../../../Samples/StarterContent/Content/StarterContent/Props/Materials/M_Lamp.uasset" to "D:/1_Sergi_Lopez/2ndo_DAM/Fran/UnrealExam/MyProject/Content/StarterContent/Props/Materials/M_Lamp.uasset"
[2018.03.01-17.39.03:499][  0]LogPackFactory: Copied "../../../Samples/StarterContent/Content/StarterContent/Props/Materials/M_MaterialSphere.uasset" to "D:/1_Sergi_Lopez/2ndo_DAM/Fran/UnrealExam/MyProject/Content/StarterContent/Props/Materials/M_MaterialSphere.uasset"
[2018.03.01-17.39.03:504][  0]LogPackFactory: Copied "../../../Samples/StarterContent/Content/StarterContent/Props/Materials/M_MaterialSphere_Plain.uasset" to "D:/1_Sergi_Lopez/2ndo_DAM/Fran/UnrealExam/MyProject/Content/StarterContent/Props/Materials/M_MaterialSphere_Plain.uasset"
[2018.03.01-17.39.03:508][  0]LogPackFactory: Copied "../../../Samples/StarterContent/Content/StarterContent/Props/Materials/M_Rock.uasset" to "D:/1_Sergi_Lopez/2ndo_DAM/Fran/UnrealExam/MyProject/Content/StarterContent/Props/Materials/M_Rock.uasset"
[2018.03.01-17.39.03:509][  0]LogPackFactory: Copied "../../../Samples/StarterContent/Content/StarterContent/Props/Materials/M_Shelf.uasset" to "D:/1_Sergi_Lopez/2ndo_DAM/Fran/UnrealExam/MyProject/Content/StarterContent/Props/Materials/M_Shelf.uasset"
[2018.03.01-17.39.03:510][  0]LogPackFactory: Copied "../../../Samples/StarterContent/Content/StarterContent/Props/Materials/M_Statue.uasset" to "D:/1_Sergi_Lopez/2ndo_DAM/Fran/UnrealExam/MyProject/Content/StarterContent/Props/Materials/M_Statue.uasset"
[2018.03.01-17.39.03:511][  0]LogPackFactory: Copied "../../../Samples/StarterContent/Content/StarterContent/Props/Materials/M_StatueGlass.uasset" to "D:/1_Sergi_Lopez/2ndo_DAM/Fran/UnrealExam/MyProject/Content/StarterContent/Props/Materials/M_StatueGlass.uasset"
[2018.03.01-17.39.03:512][  0]LogPackFactory: Copied "../../../Samples/StarterContent/Content/StarterContent/Props/Materials/M_TableRound.uasset" to "D:/1_Sergi_Lopez/2ndo_DAM/Fran/UnrealExam/MyProject/Content/StarterContent/Props/Materials/M_TableRound.uasset"
[2018.03.01-17.39.03:513][  0]LogPackFactory: Copied "../../../Samples/StarterContent/Content/StarterContent/Shapes/Shape_Cone.uasset" to "D:/1_Sergi_Lopez/2ndo_DAM/Fran/UnrealExam/MyProject/Content/StarterContent/Shapes/Shape_Cone.uasset"
[2018.03.01-17.39.03:514][  0]LogPackFactory: Copied "../../../Samples/StarterContent/Content/StarterContent/Shapes/Shape_Cube.uasset" to "D:/1_Sergi_Lopez/2ndo_DAM/Fran/UnrealExam/MyProject/Content/StarterContent/Shapes/Shape_Cube.uasset"
[2018.03.01-17.39.03:515][  0]LogPackFactory: Copied "../../../Samples/StarterContent/Content/StarterContent/Shapes/Shape_Cylinder.uasset" to "D:/1_Sergi_Lopez/2ndo_DAM/Fran/UnrealExam/MyProject/Content/StarterContent/Shapes/Shape_Cylinder.uasset"
[2018.03.01-17.39.03:516][  0]LogPackFactory: Copied "../../../Samples/StarterContent/Content/StarterContent/Shapes/Shape_NarrowCapsule.uasset" to "D:/1_Sergi_Lopez/2ndo_DAM/Fran/UnrealExam/MyProject/Content/StarterContent/Shapes/Shape_NarrowCapsule.uasset"
[2018.03.01-17.39.03:517][  0]LogPackFactory: Copied "../../../Samples/StarterContent/Content/StarterContent/Shapes/Shape_Pipe.uasset" to "D:/1_Sergi_Lopez/2ndo_DAM/Fran/UnrealExam/MyProject/Content/StarterContent/Shapes/Shape_Pipe.uasset"
[2018.03.01-17.39.03:519][  0]LogPackFactory: Copied "../../../Samples/StarterContent/Content/StarterContent/Shapes/Shape_Pipe_180.uasset" to "D:/1_Sergi_Lopez/2ndo_DAM/Fran/UnrealExam/MyProject/Content/StarterContent/Shapes/Shape_Pipe_180.uasset"
[2018.03.01-17.39.03:520][  0]LogPackFactory: Copied "../../../Samples/StarterContent/Content/StarterContent/Shapes/Shape_Pipe_90.uasset" to "D:/1_Sergi_Lopez/2ndo_DAM/Fran/UnrealExam/MyProject/Content/StarterContent/Shapes/Shape_Pipe_90.uasset"
[2018.03.01-17.39.03:520][  0]LogPackFactory: Copied "../../../Samples/StarterContent/Content/StarterContent/Shapes/Shape_Plane.uasset" to "D:/1_Sergi_Lopez/2ndo_DAM/Fran/UnrealExam/MyProject/Content/StarterContent/Shapes/Shape_Plane.uasset"
[2018.03.01-17.39.03:521][  0]LogPackFactory: Copied "../../../Samples/StarterContent/Content/StarterContent/Shapes/Shape_QuadPyramid.uasset" to "D:/1_Sergi_Lopez/2ndo_DAM/Fran/UnrealExam/MyProject/Content/StarterContent/Shapes/Shape_QuadPyramid.uasset"
[2018.03.01-17.39.03:523][  0]LogPackFactory: Copied "../../../Samples/StarterContent/Content/StarterContent/Shapes/Shape_Sphere.uasset" to "D:/1_Sergi_Lopez/2ndo_DAM/Fran/UnrealExam/MyProject/Content/StarterContent/Shapes/Shape_Sphere.uasset"
[2018.03.01-17.39.03:525][  0]LogPackFactory: Copied "../../../Samples/StarterContent/Content/StarterContent/Shapes/Shape_Torus.uasset" to "D:/1_Sergi_Lopez/2ndo_DAM/Fran/UnrealExam/MyProject/Content/StarterContent/Shapes/Shape_Torus.uasset"
[2018.03.01-17.39.03:526][  0]LogPackFactory: Copied "../../../Samples/StarterContent/Content/StarterContent/Shapes/Shape_Trim.uasset" to "D:/1_Sergi_Lopez/2ndo_DAM/Fran/UnrealExam/MyProject/Content/StarterContent/Shapes/Shape_Trim.uasset"
[2018.03.01-17.39.03:527][  0]LogPackFactory: Copied "../../../Samples/StarterContent/Content/StarterContent/Shapes/Shape_Trim_90_In.uasset" to "D:/1_Sergi_Lopez/2ndo_DAM/Fran/UnrealExam/MyProject/Content/StarterContent/Shapes/Shape_Trim_90_In.uasset"
[2018.03.01-17.39.03:527][  0]LogPackFactory: Copied "../../../Samples/StarterContent/Content/StarterContent/Shapes/Shape_Trim_90_Out.uasset" to "D:/1_Sergi_Lopez/2ndo_DAM/Fran/UnrealExam/MyProject/Content/StarterContent/Shapes/Shape_Trim_90_Out.uasset"
[2018.03.01-17.39.03:528][  0]LogPackFactory: Copied "../../../Samples/StarterContent/Content/StarterContent/Shapes/Shape_TriPyramid.uasset" to "D:/1_Sergi_Lopez/2ndo_DAM/Fran/UnrealExam/MyProject/Content/StarterContent/Shapes/Shape_TriPyramid.uasset"
[2018.03.01-17.39.03:529][  0]LogPackFactory: Copied "../../../Samples/StarterContent/Content/StarterContent/Shapes/Shape_Tube.uasset" to "D:/1_Sergi_Lopez/2ndo_DAM/Fran/UnrealExam/MyProject/Content/StarterContent/Shapes/Shape_Tube.uasset"
[2018.03.01-17.39.03:530][  0]LogPackFactory: Copied "../../../Samples/StarterContent/Content/StarterContent/Shapes/Shape_Wedge_A.uasset" to "D:/1_Sergi_Lopez/2ndo_DAM/Fran/UnrealExam/MyProject/Content/StarterContent/Shapes/Shape_Wedge_A.uasset"
[2018.03.01-17.39.03:531][  0]LogPackFactory: Copied "../../../Samples/StarterContent/Content/StarterContent/Shapes/Shape_Wedge_B.uasset" to "D:/1_Sergi_Lopez/2ndo_DAM/Fran/UnrealExam/MyProject/Content/StarterContent/Shapes/Shape_Wedge_B.uasset"
[2018.03.01-17.39.03:532][  0]LogPackFactory: Copied "../../../Samples/StarterContent/Content/StarterContent/Shapes/Shape_WideCapsule.uasset" to "D:/1_Sergi_Lopez/2ndo_DAM/Fran/UnrealExam/MyProject/Content/StarterContent/Shapes/Shape_WideCapsule.uasset"
[2018.03.01-17.39.03:558][  0]LogPackFactory: Copied "../../../Samples/StarterContent/Content/StarterContent/Textures/T_Brick_Clay_Beveled_D.uasset" to "D:/1_Sergi_Lopez/2ndo_DAM/Fran/UnrealExam/MyProject/Content/StarterContent/Textures/T_Brick_Clay_Beveled_D.uasset"
[2018.03.01-17.39.03:585][  0]LogPackFactory: Copied "../../../Samples/StarterContent/Content/StarterContent/Textures/T_Brick_Clay_Beveled_M.uasset" to "D:/1_Sergi_Lopez/2ndo_DAM/Fran/UnrealExam/MyProject/Content/StarterContent/Textures/T_Brick_Clay_Beveled_M.uasset"
[2018.03.01-17.39.03:609][  0]LogPackFactory: Copied "../../../Samples/StarterContent/Content/StarterContent/Textures/T_Brick_Clay_Beveled_N.uasset" to "D:/1_Sergi_Lopez/2ndo_DAM/Fran/UnrealExam/MyProject/Content/StarterContent/Textures/T_Brick_Clay_Beveled_N.uasset"
[2018.03.01-17.39.03:629][  0]LogPackFactory: Copied "../../../Samples/StarterContent/Content/StarterContent/Textures/T_Brick_Clay_New_D.uasset" to "D:/1_Sergi_Lopez/2ndo_DAM/Fran/UnrealExam/MyProject/Content/StarterContent/Textures/T_Brick_Clay_New_D.uasset"
[2018.03.01-17.39.03:658][  0]LogPackFactory: Copied "../../../Samples/StarterContent/Content/StarterContent/Textures/T_Brick_Clay_New_M.uasset" to "D:/1_Sergi_Lopez/2ndo_DAM/Fran/UnrealExam/MyProject/Content/StarterContent/Textures/T_Brick_Clay_New_M.uasset"
[2018.03.01-17.39.03:685][  0]LogPackFactory: Copied "../../../Samples/StarterContent/Content/StarterContent/Textures/T_Brick_Clay_New_N.uasset" to "D:/1_Sergi_Lopez/2ndo_DAM/Fran/UnrealExam/MyProject/Content/StarterContent/Textures/T_Brick_Clay_New_N.uasset"
[2018.03.01-17.39.03:721][  0]LogPackFactory: Copied "../../../Samples/StarterContent/Content/StarterContent/Textures/T_Brick_Clay_Old_D.uasset" to "D:/1_Sergi_Lopez/2ndo_DAM/Fran/UnrealExam/MyProject/Content/StarterContent/Textures/T_Brick_Clay_Old_D.uasset"
[2018.03.01-17.39.03:747][  0]LogPackFactory: Copied "../../../Samples/StarterContent/Content/StarterContent/Textures/T_Brick_Clay_Old_N.uasset" to "D:/1_Sergi_Lopez/2ndo_DAM/Fran/UnrealExam/MyProject/Content/StarterContent/Textures/T_Brick_Clay_Old_N.uasset"
[2018.03.01-17.39.03:790][  0]LogPackFactory: Copied "../../../Samples/StarterContent/Content/StarterContent/Textures/T_Brick_Cut_Stone_D.uasset" to "D:/1_Sergi_Lopez/2ndo_DAM/Fran/UnrealExam/MyProject/Content/StarterContent/Textures/T_Brick_Cut_Stone_D.uasset"
[2018.03.01-17.39.03:812][  0]LogPackFactory: Copied "../../../Samples/StarterContent/Content/StarterContent/Textures/T_Brick_Cut_Stone_N.uasset" to "D:/1_Sergi_Lopez/2ndo_DAM/Fran/UnrealExam/MyProject/Content/StarterContent/Textures/T_Brick_Cut_Stone_N.uasset"
[2018.03.01-17.39.03:836][  0]LogPackFactory: Copied "../../../Samples/StarterContent/Content/StarterContent/Textures/T_Brick_Hewn_Stone_D.uasset" to "D:/1_Sergi_Lopez/2ndo_DAM/Fran/UnrealExam/MyProject/Content/StarterContent/Textures/T_Brick_Hewn_Stone_D.uasset"
[2018.03.01-17.39.03:860][  0]LogPackFactory: Copied "../../../Samples/StarterContent/Content/StarterContent/Textures/T_Brick_Hewn_Stone_M.uasset" to "D:/1_Sergi_Lopez/2ndo_DAM/Fran/UnrealExam/MyProject/Content/StarterContent/Textures/T_Brick_Hewn_Stone_M.uasset"
[2018.03.01-17.39.03:891][  0]LogPackFactory: Copied "../../../Samples/StarterContent/Content/StarterContent/Textures/T_Brick_Hewn_Stone_N.uasset" to "D:/1_Sergi_Lopez/2ndo_DAM/Fran/UnrealExam/MyProject/Content/StarterContent/Textures/T_Brick_Hewn_Stone_N.uasset"
[2018.03.01-17.39.03:892][  0]LogPackFactory: Copied "../../../Samples/StarterContent/Content/StarterContent/Textures/T_Burst_M.uasset" to "D:/1_Sergi_Lopez/2ndo_DAM/Fran/UnrealExam/MyProject/Content/StarterContent/Textures/T_Burst_M.uasset"
[2018.03.01-17.39.03:895][  0]LogPackFactory: Copied "../../../Samples/StarterContent/Content/StarterContent/Textures/T_Bush_D.uasset" to "D:/1_Sergi_Lopez/2ndo_DAM/Fran/UnrealExam/MyProject/Content/StarterContent/Textures/T_Bush_D.uasset"
[2018.03.01-17.39.03:897][  0]LogPackFactory: Copied "../../../Samples/StarterContent/Content/StarterContent/Textures/T_Bush_N.uasset" to "D:/1_Sergi_Lopez/2ndo_DAM/Fran/UnrealExam/MyProject/Content/StarterContent/Textures/T_Bush_N.uasset"
[2018.03.01-17.39.03:899][  0]LogPackFactory: Copied "../../../Samples/StarterContent/Content/StarterContent/Textures/T_Ceramic_Tile_M.uasset" to "D:/1_Sergi_Lopez/2ndo_DAM/Fran/UnrealExam/MyProject/Content/StarterContent/Textures/T_Ceramic_Tile_M.uasset"
[2018.03.01-17.39.03:901][  0]LogPackFactory: Copied "../../../Samples/StarterContent/Content/StarterContent/Textures/T_Ceramic_Tile_N.uasset" to "D:/1_Sergi_Lopez/2ndo_DAM/Fran/UnrealExam/MyProject/Content/StarterContent/Textures/T_Ceramic_Tile_N.uasset"
[2018.03.01-17.39.03:903][  0]LogPackFactory: Copied "../../../Samples/StarterContent/Content/StarterContent/Textures/T_Chair_M.uasset" to "D:/1_Sergi_Lopez/2ndo_DAM/Fran/UnrealExam/MyProject/Content/StarterContent/Textures/T_Chair_M.uasset"
[2018.03.01-17.39.03:911][  0]LogPackFactory: Copied "../../../Samples/StarterContent/Content/StarterContent/Textures/T_Chair_N.uasset" to "D:/1_Sergi_Lopez/2ndo_DAM/Fran/UnrealExam/MyProject/Content/StarterContent/Textures/T_Chair_N.uasset"
[2018.03.01-17.39.03:912][  0]LogPackFactory: Copied "../../../Samples/StarterContent/Content/StarterContent/Textures/T_Checker_Noise_M.uasset" to "D:/1_Sergi_Lopez/2ndo_DAM/Fran/UnrealExam/MyProject/Content/StarterContent/Textures/T_Checker_Noise_M.uasset"
[2018.03.01-17.39.03:949][  0]LogPackFactory: Copied "../../../Samples/StarterContent/Content/StarterContent/Textures/T_CobbleStone_Pebble_D.uasset" to "D:/1_Sergi_Lopez/2ndo_DAM/Fran/UnrealExam/MyProject/Content/StarterContent/Textures/T_CobbleStone_Pebble_D.uasset"
[2018.03.01-17.39.03:954][  0]LogPackFactory: Copied "../../../Samples/StarterContent/Content/StarterContent/Textures/T_CobbleStone_Pebble_M.uasset" to "D:/1_Sergi_Lopez/2ndo_DAM/Fran/UnrealExam/MyProject/Content/StarterContent/Textures/T_CobbleStone_Pebble_M.uasset"
[2018.03.01-17.39.03:992][  0]LogPackFactory: Copied "../../../Samples/StarterContent/Content/StarterContent/Textures/T_CobbleStone_Pebble_N.uasset" to "D:/1_Sergi_Lopez/2ndo_DAM/Fran/UnrealExam/MyProject/Content/StarterContent/Textures/T_CobbleStone_Pebble_N.uasset"
[2018.03.01-17.39.04:003][  0]LogPackFactory: Copied "../../../Samples/StarterContent/Content/StarterContent/Textures/T_CobbleStone_Rough_D.uasset" to "D:/1_Sergi_Lopez/2ndo_DAM/Fran/UnrealExam/MyProject/Content/StarterContent/Textures/T_CobbleStone_Rough_D.uasset"
[2018.03.01-17.39.04:012][  0]LogPackFactory: Copied "../../../Samples/StarterContent/Content/StarterContent/Textures/T_CobbleStone_Rough_N.uasset" to "D:/1_Sergi_Lopez/2ndo_DAM/Fran/UnrealExam/MyProject/Content/StarterContent/Textures/T_CobbleStone_Rough_N.uasset"
[2018.03.01-17.39.04:036][  0]LogPackFactory: Copied "../../../Samples/StarterContent/Content/StarterContent/Textures/T_CobbleStone_Smooth_D.uasset" to "D:/1_Sergi_Lopez/2ndo_DAM/Fran/UnrealExam/MyProject/Content/StarterContent/Textures/T_CobbleStone_Smooth_D.uasset"
[2018.03.01-17.39.04:056][  0]LogPackFactory: Copied "../../../Samples/StarterContent/Content/StarterContent/Textures/T_CobbleStone_Smooth_M.uasset" to "D:/1_Sergi_Lopez/2ndo_DAM/Fran/UnrealExam/MyProject/Content/StarterContent/Textures/T_CobbleStone_Smooth_M.uasset"
[2018.03.01-17.39.04:083][  0]LogPackFactory: Copied "../../../Samples/StarterContent/Content/StarterContent/Textures/T_CobbleStone_Smooth_N.uasset" to "D:/1_Sergi_Lopez/2ndo_DAM/Fran/UnrealExam/MyProject/Content/StarterContent/Textures/T_CobbleStone_Smooth_N.uasset"
[2018.03.01-17.39.04:117][  0]LogPackFactory: Copied "../../../Samples/StarterContent/Content/StarterContent/Textures/T_Concrete_Grime_D.uasset" to "D:/1_Sergi_Lopez/2ndo_DAM/Fran/UnrealExam/MyProject/Content/StarterContent/Textures/T_Concrete_Grime_D.uasset"
[2018.03.01-17.39.04:145][  0]LogPackFactory: Copied "../../../Samples/StarterContent/Content/StarterContent/Textures/T_Concrete_Panels_D.uasset" to "D:/1_Sergi_Lopez/2ndo_DAM/Fran/UnrealExam/MyProject/Content/StarterContent/Textures/T_Concrete_Panels_D.uasset"
[2018.03.01-17.39.04:166][  0]LogPackFactory: Copied "../../../Samples/StarterContent/Content/StarterContent/Textures/T_Concrete_Panels_N.uasset" to "D:/1_Sergi_Lopez/2ndo_DAM/Fran/UnrealExam/MyProject/Content/StarterContent/Textures/T_Concrete_Panels_N.uasset"
[2018.03.01-17.39.04:205][  0]LogPackFactory: Copied "../../../Samples/StarterContent/Content/StarterContent/Textures/T_Concrete_Poured_D.uasset" to "D:/1_Sergi_Lopez/2ndo_DAM/Fran/UnrealExam/MyProject/Content/StarterContent/Textures/T_Concrete_Poured_D.uasset"
[2018.03.01-17.39.04:229][  0]LogPackFactory: Copied "../../../Samples/StarterContent/Content/StarterContent/Textures/T_Concrete_Poured_N.uasset" to "D:/1_Sergi_Lopez/2ndo_DAM/Fran/UnrealExam/MyProject/Content/StarterContent/Textures/T_Concrete_Poured_N.uasset"
[2018.03.01-17.39.04:246][  0]LogPackFactory: Copied "../../../Samples/StarterContent/Content/StarterContent/Textures/T_Concrete_Tiles_D.uasset" to "D:/1_Sergi_Lopez/2ndo_DAM/Fran/UnrealExam/MyProject/Content/StarterContent/Textures/T_Concrete_Tiles_D.uasset"
[2018.03.01-17.39.04:265][  0]LogPackFactory: Copied "../../../Samples/StarterContent/Content/StarterContent/Textures/T_Concrete_Tiles_M.uasset" to "D:/1_Sergi_Lopez/2ndo_DAM/Fran/UnrealExam/MyProject/Content/StarterContent/Textures/T_Concrete_Tiles_M.uasset"
[2018.03.01-17.39.04:287][  0]LogPackFactory: Copied "../../../Samples/StarterContent/Content/StarterContent/Textures/T_Concrete_Tiles_N.uasset" to "D:/1_Sergi_Lopez/2ndo_DAM/Fran/UnrealExam/MyProject/Content/StarterContent/Textures/T_Concrete_Tiles_N.uasset"
[2018.03.01-17.39.04:288][  0]LogPackFactory: Copied "../../../Samples/StarterContent/Content/StarterContent/Textures/T_Concrete_Tiles_Variation_M.uasset" to "D:/1_Sergi_Lopez/2ndo_DAM/Fran/UnrealExam/MyProject/Content/StarterContent/Textures/T_Concrete_Tiles_Variation_M.uasset"
[2018.03.01-17.39.04:298][  0]LogPackFactory: Copied "../../../Samples/StarterContent/Content/StarterContent/Textures/T_Detail_Rocky_N.uasset" to "D:/1_Sergi_Lopez/2ndo_DAM/Fran/UnrealExam/MyProject/Content/StarterContent/Textures/T_Detail_Rocky_N.uasset"
[2018.03.01-17.39.04:300][  0]LogPackFactory: Copied "../../../Samples/StarterContent/Content/StarterContent/Textures/T_Door_M.uasset" to "D:/1_Sergi_Lopez/2ndo_DAM/Fran/UnrealExam/MyProject/Content/StarterContent/Textures/T_Door_M.uasset"
[2018.03.01-17.39.04:305][  0]LogPackFactory: Copied "../../../Samples/StarterContent/Content/StarterContent/Textures/T_Door_N.uasset" to "D:/1_Sergi_Lopez/2ndo_DAM/Fran/UnrealExam/MyProject/Content/StarterContent/Textures/T_Door_N.uasset"
[2018.03.01-17.39.04:306][  0]LogPackFactory: Copied "../../../Samples/StarterContent/Content/StarterContent/Textures/T_Dust_Particle_D.uasset" to "D:/1_Sergi_Lopez/2ndo_DAM/Fran/UnrealExam/MyProject/Content/StarterContent/Textures/T_Dust_Particle_D.uasset"
[2018.03.01-17.39.04:316][  0]LogPackFactory: Copied "../../../Samples/StarterContent/Content/StarterContent/Textures/T_Explosion_SubUV.uasset" to "D:/1_Sergi_Lopez/2ndo_DAM/Fran/UnrealExam/MyProject/Content/StarterContent/Textures/T_Explosion_SubUV.uasset"
[2018.03.01-17.39.04:319][  0]LogPackFactory: Copied "../../../Samples/StarterContent/Content/StarterContent/Textures/T_Fire_SubUV.uasset" to "D:/1_Sergi_Lopez/2ndo_DAM/Fran/UnrealExam/MyProject/Content/StarterContent/Textures/T_Fire_SubUV.uasset"
[2018.03.01-17.39.04:322][  0]LogPackFactory: Copied "../../../Samples/StarterContent/Content/StarterContent/Textures/T_Fire_Tiled_D.uasset" to "D:/1_Sergi_Lopez/2ndo_DAM/Fran/UnrealExam/MyProject/Content/StarterContent/Textures/T_Fire_Tiled_D.uasset"
[2018.03.01-17.39.04:325][  0]LogPackFactory: Copied "../../../Samples/StarterContent/Content/StarterContent/Textures/T_Frame_M.uasset" to "D:/1_Sergi_Lopez/2ndo_DAM/Fran/UnrealExam/MyProject/Content/StarterContent/Textures/T_Frame_M.uasset"
[2018.03.01-17.39.04:330][  0]LogPackFactory: Copied "../../../Samples/StarterContent/Content/StarterContent/Textures/T_Frame_N.uasset" to "D:/1_Sergi_Lopez/2ndo_DAM/Fran/UnrealExam/MyProject/Content/StarterContent/Textures/T_Frame_N.uasset"
[2018.03.01-17.39.04:330][  0]LogPackFactory: Copied "../../../Samples/StarterContent/Content/StarterContent/Textures/T_Gradinet_01.uasset" to "D:/1_Sergi_Lopez/2ndo_DAM/Fran/UnrealExam/MyProject/Content/StarterContent/Textures/T_Gradinet_01.uasset"
[2018.03.01-17.39.04:369][  0]LogPackFactory: Copied "../../../Samples/StarterContent/Content/StarterContent/Textures/T_Ground_Grass_D.uasset" to "D:/1_Sergi_Lopez/2ndo_DAM/Fran/UnrealExam/MyProject/Content/StarterContent/Textures/T_Ground_Grass_D.uasset"
[2018.03.01-17.39.04:408][  0]LogPackFactory: Copied "../../../Samples/StarterContent/Content/StarterContent/Textures/T_Ground_Grass_N.uasset" to "D:/1_Sergi_Lopez/2ndo_DAM/Fran/UnrealExam/MyProject/Content/StarterContent/Textures/T_Ground_Grass_N.uasset"
[2018.03.01-17.39.04:442][  0]LogPackFactory: Copied "../../../Samples/StarterContent/Content/StarterContent/Textures/T_Ground_Gravel_D.uasset" to "D:/1_Sergi_Lopez/2ndo_DAM/Fran/UnrealExam/MyProject/Content/StarterContent/Textures/T_Ground_Gravel_D.uasset"
[2018.03.01-17.39.04:467][  0]LogPackFactory: Copied "../../../Samples/StarterContent/Content/StarterContent/Textures/T_Ground_Gravel_N.uasset" to "D:/1_Sergi_Lopez/2ndo_DAM/Fran/UnrealExam/MyProject/Content/StarterContent/Textures/T_Ground_Gravel_N.uasset"
[2018.03.01-17.39.04:509][  0]LogPackFactory: Copied "../../../Samples/StarterContent/Content/StarterContent/Textures/T_ground_Moss_D.uasset" to "D:/1_Sergi_Lopez/2ndo_DAM/Fran/UnrealExam/MyProject/Content/StarterContent/Textures/T_ground_Moss_D.uasset"
[2018.03.01-17.39.04:538][  0]LogPackFactory: Copied "../../../Samples/StarterContent/Content/StarterContent/Textures/T_Ground_Moss_N.uasset" to "D:/1_Sergi_Lopez/2ndo_DAM/Fran/UnrealExam/MyProject/Content/StarterContent/Textures/T_Ground_Moss_N.uasset"
[2018.03.01-17.39.04:541][  0]LogPackFactory: Copied "../../../Samples/StarterContent/Content/StarterContent/Textures/T_Lamp_M.uasset" to "D:/1_Sergi_Lopez/2ndo_DAM/Fran/UnrealExam/MyProject/Content/StarterContent/Textures/T_Lamp_M.uasset"
[2018.03.01-17.39.04:550][  0]LogPackFactory: Copied "../../../Samples/StarterContent/Content/StarterContent/Textures/T_Lamp_N.uasset" to "D:/1_Sergi_Lopez/2ndo_DAM/Fran/UnrealExam/MyProject/Content/StarterContent/Textures/T_Lamp_N.uasset"
[2018.03.01-17.39.04:584][  0]LogPackFactory: Copied "../../../Samples/StarterContent/Content/StarterContent/Textures/T_MacroVariation.uasset" to "D:/1_Sergi_Lopez/2ndo_DAM/Fran/UnrealExam/MyProject/Content/StarterContent/Textures/T_MacroVariation.uasset"
[2018.03.01-17.39.04:616][  0]LogPackFactory: Copied "../../../Samples/StarterContent/Content/StarterContent/Textures/T_Metal_Aluminum_D.uasset" to "D:/1_Sergi_Lopez/2ndo_DAM/Fran/UnrealExam/MyProject/Content/StarterContent/Textures/T_Metal_Aluminum_D.uasset"
[2018.03.01-17.39.04:650][  0]LogPackFactory: Copied "../../../Samples/StarterContent/Content/StarterContent/Textures/T_Metal_Copper_D.uasset" to "D:/1_Sergi_Lopez/2ndo_DAM/Fran/UnrealExam/MyProject/Content/StarterContent/Textures/T_Metal_Copper_D.uasset"
[2018.03.01-17.39.04:679][  0]LogPackFactory: Copied "../../../Samples/StarterContent/Content/StarterContent/Textures/T_Metal_Gold_D.uasset" to "D:/1_Sergi_Lopez/2ndo_DAM/Fran/UnrealExam/MyProject/Content/StarterContent/Textures/T_Metal_Gold_D.uasset"
[2018.03.01-17.39.04:689][  0]LogPackFactory: Copied "../../../Samples/StarterContent/Content/StarterContent/Textures/T_Metal_Gold_N.uasset" to "D:/1_Sergi_Lopez/2ndo_DAM/Fran/UnrealExam/MyProject/Content/StarterContent/Textures/T_Metal_Gold_N.uasset"
[2018.03.01-17.39.04:720][  0]LogPackFactory: Copied "../../../Samples/StarterContent/Content/StarterContent/Textures/T_Metal_Rust_D.uasset" to "D:/1_Sergi_Lopez/2ndo_DAM/Fran/UnrealExam/MyProject/Content/StarterContent/Textures/T_Metal_Rust_D.uasset"
[2018.03.01-17.39.04:745][  0]LogPackFactory: Copied "../../../Samples/StarterContent/Content/StarterContent/Textures/T_Metal_Rust_N.uasset" to "D:/1_Sergi_Lopez/2ndo_DAM/Fran/UnrealExam/MyProject/Content/StarterContent/Textures/T_Metal_Rust_N.uasset"
[2018.03.01-17.39.04:757][  0]LogPackFactory: Copied "../../../Samples/StarterContent/Content/StarterContent/Textures/T_Metal_Steel_D.uasset" to "D:/1_Sergi_Lopez/2ndo_DAM/Fran/UnrealExam/MyProject/Content/StarterContent/Textures/T_Metal_Steel_D.uasset"
[2018.03.01-17.39.04:774][  0]LogPackFactory: Copied "../../../Samples/StarterContent/Content/StarterContent/Textures/T_Metal_Steel_N.uasset" to "D:/1_Sergi_Lopez/2ndo_DAM/Fran/UnrealExam/MyProject/Content/StarterContent/Textures/T_Metal_Steel_N.uasset"
[2018.03.01-17.39.04:798][  0]LogPackFactory: Copied "../../../Samples/StarterContent/Content/StarterContent/Textures/T_Perlin_Noise_M.uasset" to "D:/1_Sergi_Lopez/2ndo_DAM/Fran/UnrealExam/MyProject/Content/StarterContent/Textures/T_Perlin_Noise_M.uasset"
[2018.03.01-17.39.04:807][  0]LogPackFactory: Copied "../../../Samples/StarterContent/Content/StarterContent/Textures/T_RockMesh_M.uasset" to "D:/1_Sergi_Lopez/2ndo_DAM/Fran/UnrealExam/MyProject/Content/StarterContent/Textures/T_RockMesh_M.uasset"
[2018.03.01-17.39.04:825][  0]LogPackFactory: Copied "../../../Samples/StarterContent/Content/StarterContent/Textures/T_RockMesh_N.uasset" to "D:/1_Sergi_Lopez/2ndo_DAM/Fran/UnrealExam/MyProject/Content/StarterContent/Textures/T_RockMesh_N.uasset"
[2018.03.01-17.39.04:856][  0]LogPackFactory: Copied "../../../Samples/StarterContent/Content/StarterContent/Textures/T_Rock_Basalt_D.uasset" to "D:/1_Sergi_Lopez/2ndo_DAM/Fran/UnrealExam/MyProject/Content/StarterContent/Textures/T_Rock_Basalt_D.uasset"
[2018.03.01-17.39.04:881][  0]LogPackFactory: Copied "../../../Samples/StarterContent/Content/StarterContent/Textures/T_Rock_Basalt_N.uasset" to "D:/1_Sergi_Lopez/2ndo_DAM/Fran/UnrealExam/MyProject/Content/StarterContent/Textures/T_Rock_Basalt_N.uasset"
[2018.03.01-17.39.04:899][  0]LogPackFactory: Copied "../../../Samples/StarterContent/Content/StarterContent/Textures/T_Rock_Marble_Polished_D.uasset" to "D:/1_Sergi_Lopez/2ndo_DAM/Fran/UnrealExam/MyProject/Content/StarterContent/Textures/T_Rock_Marble_Polished_D.uasset"
[2018.03.01-17.39.04:931][  0]LogPackFactory: Copied "../../../Samples/StarterContent/Content/StarterContent/Textures/T_Rock_Sandstone_D.uasset" to "D:/1_Sergi_Lopez/2ndo_DAM/Fran/UnrealExam/MyProject/Content/StarterContent/Textures/T_Rock_Sandstone_D.uasset"
[2018.03.01-17.39.04:958][  0]LogPackFactory: Copied "../../../Samples/StarterContent/Content/StarterContent/Textures/T_Rock_Sandstone_N.uasset" to "D:/1_Sergi_Lopez/2ndo_DAM/Fran/UnrealExam/MyProject/Content/StarterContent/Textures/T_Rock_Sandstone_N.uasset"
[2018.03.01-17.39.04:998][  0]LogPackFactory: Copied "../../../Samples/StarterContent/Content/StarterContent/Textures/T_Rock_Slate_D.uasset" to "D:/1_Sergi_Lopez/2ndo_DAM/Fran/UnrealExam/MyProject/Content/StarterContent/Textures/T_Rock_Slate_D.uasset"
[2018.03.01-17.39.05:029][  0]LogPackFactory: Copied "../../../Samples/StarterContent/Content/StarterContent/Textures/T_Rock_Slate_N.uasset" to "D:/1_Sergi_Lopez/2ndo_DAM/Fran/UnrealExam/MyProject/Content/StarterContent/Textures/T_Rock_Slate_N.uasset"
[2018.03.01-17.39.05:058][  0]LogPackFactory: Copied "../../../Samples/StarterContent/Content/StarterContent/Textures/T_Rock_Smooth_Granite_D.uasset" to "D:/1_Sergi_Lopez/2ndo_DAM/Fran/UnrealExam/MyProject/Content/StarterContent/Textures/T_Rock_Smooth_Granite_D.uasset"
[2018.03.01-17.39.05:061][  0]LogPackFactory: Copied "../../../Samples/StarterContent/Content/StarterContent/Textures/T_Shelf_M.uasset" to "D:/1_Sergi_Lopez/2ndo_DAM/Fran/UnrealExam/MyProject/Content/StarterContent/Textures/T_Shelf_M.uasset"
[2018.03.01-17.39.05:067][  0]LogPackFactory: Copied "../../../Samples/StarterContent/Content/StarterContent/Textures/T_Shelf_N.uasset" to "D:/1_Sergi_Lopez/2ndo_DAM/Fran/UnrealExam/MyProject/Content/StarterContent/Textures/T_Shelf_N.uasset"
[2018.03.01-17.39.05:067][  0]LogPackFactory: Copied "../../../Samples/StarterContent/Content/StarterContent/Textures/T_Single_Tile_N.uasset" to "D:/1_Sergi_Lopez/2ndo_DAM/Fran/UnrealExam/MyProject/Content/StarterContent/Textures/T_Single_Tile_N.uasset"
[2018.03.01-17.39.05:076][  0]LogPackFactory: Copied "../../../Samples/StarterContent/Content/StarterContent/Textures/T_Smoke_SubUV.uasset" to "D:/1_Sergi_Lopez/2ndo_DAM/Fran/UnrealExam/MyProject/Content/StarterContent/Textures/T_Smoke_SubUV.uasset"
[2018.03.01-17.39.05:078][  0]LogPackFactory: Copied "../../../Samples/StarterContent/Content/StarterContent/Textures/T_Smoke_Tiled_D.uasset" to "D:/1_Sergi_Lopez/2ndo_DAM/Fran/UnrealExam/MyProject/Content/StarterContent/Textures/T_Smoke_Tiled_D.uasset"
[2018.03.01-17.39.05:079][  0]LogPackFactory: Copied "../../../Samples/StarterContent/Content/StarterContent/Textures/T_Spark_Core.uasset" to "D:/1_Sergi_Lopez/2ndo_DAM/Fran/UnrealExam/MyProject/Content/StarterContent/Textures/T_Spark_Core.uasset"
[2018.03.01-17.39.05:082][  0]LogPackFactory: Copied "../../../Samples/StarterContent/Content/StarterContent/Textures/T_Statue_M.uasset" to "D:/1_Sergi_Lopez/2ndo_DAM/Fran/UnrealExam/MyProject/Content/StarterContent/Textures/T_Statue_M.uasset"
[2018.03.01-17.39.05:084][  0]LogPackFactory: Copied "../../../Samples/StarterContent/Content/StarterContent/Textures/T_Statue_N.uasset" to "D:/1_Sergi_Lopez/2ndo_DAM/Fran/UnrealExam/MyProject/Content/StarterContent/Textures/T_Statue_N.uasset"
[2018.03.01-17.39.05:088][  0]LogPackFactory: Copied "../../../Samples/StarterContent/Content/StarterContent/Textures/T_TableRound_M.uasset" to "D:/1_Sergi_Lopez/2ndo_DAM/Fran/UnrealExam/MyProject/Content/StarterContent/Textures/T_TableRound_M.uasset"
[2018.03.01-17.39.05:094][  0]LogPackFactory: Copied "../../../Samples/StarterContent/Content/StarterContent/Textures/T_TableRound_N.uasset" to "D:/1_Sergi_Lopez/2ndo_DAM/Fran/UnrealExam/MyProject/Content/StarterContent/Textures/T_TableRound_N.uasset"
[2018.03.01-17.39.05:095][  0]LogPackFactory: Copied "../../../Samples/StarterContent/Content/StarterContent/Textures/T_Tech_Dot_M.uasset" to "D:/1_Sergi_Lopez/2ndo_DAM/Fran/UnrealExam/MyProject/Content/StarterContent/Textures/T_Tech_Dot_M.uasset"
[2018.03.01-17.39.05:097][  0]LogPackFactory: Copied "../../../Samples/StarterContent/Content/StarterContent/Textures/T_Tech_Dot_N.uasset" to "D:/1_Sergi_Lopez/2ndo_DAM/Fran/UnrealExam/MyProject/Content/StarterContent/Textures/T_Tech_Dot_N.uasset"
[2018.03.01-17.39.05:101][  0]LogPackFactory: Copied "../../../Samples/StarterContent/Content/StarterContent/Textures/T_Tech_Hex_Tile_M.uasset" to "D:/1_Sergi_Lopez/2ndo_DAM/Fran/UnrealExam/MyProject/Content/StarterContent/Textures/T_Tech_Hex_Tile_M.uasset"
[2018.03.01-17.39.05:103][  0]LogPackFactory: Copied "../../../Samples/StarterContent/Content/StarterContent/Textures/T_Tech_Hex_Tile_N.uasset" to "D:/1_Sergi_Lopez/2ndo_DAM/Fran/UnrealExam/MyProject/Content/StarterContent/Textures/T_Tech_Hex_Tile_N.uasset"
[2018.03.01-17.39.05:107][  0]LogPackFactory: Copied "../../../Samples/StarterContent/Content/StarterContent/Textures/T_Tech_Panel_M.uasset" to "D:/1_Sergi_Lopez/2ndo_DAM/Fran/UnrealExam/MyProject/Content/StarterContent/Textures/T_Tech_Panel_M.uasset"
[2018.03.01-17.39.05:114][  0]LogPackFactory: Copied "../../../Samples/StarterContent/Content/StarterContent/Textures/T_Tech_Panel_N.uasset" to "D:/1_Sergi_Lopez/2ndo_DAM/Fran/UnrealExam/MyProject/Content/StarterContent/Textures/T_Tech_Panel_N.uasset"
[2018.03.01-17.39.05:120][  0]LogPackFactory: Copied "../../../Samples/StarterContent/Content/StarterContent/Textures/T_Water_M.uasset" to "D:/1_Sergi_Lopez/2ndo_DAM/Fran/UnrealExam/MyProject/Content/StarterContent/Textures/T_Water_M.uasset"
[2018.03.01-17.39.05:127][  0]LogPackFactory: Copied "../../../Samples/StarterContent/Content/StarterContent/Textures/T_Water_N.uasset" to "D:/1_Sergi_Lopez/2ndo_DAM/Fran/UnrealExam/MyProject/Content/StarterContent/Textures/T_Water_N.uasset"
[2018.03.01-17.39.05:142][  0]LogPackFactory: Copied "../../../Samples/StarterContent/Content/StarterContent/Textures/T_Wood_Floor_Walnut_D.uasset" to "D:/1_Sergi_Lopez/2ndo_DAM/Fran/UnrealExam/MyProject/Content/StarterContent/Textures/T_Wood_Floor_Walnut_D.uasset"
[2018.03.01-17.39.05:156][  0]LogPackFactory: Copied "../../../Samples/StarterContent/Content/StarterContent/Textures/T_Wood_Floor_Walnut_M.uasset" to "D:/1_Sergi_Lopez/2ndo_DAM/Fran/UnrealExam/MyProject/Content/StarterContent/Textures/T_Wood_Floor_Walnut_M.uasset"
[2018.03.01-17.39.05:166][  0]LogPackFactory: Copied "../../../Samples/StarterContent/Content/StarterContent/Textures/T_Wood_Floor_Walnut_N.uasset" to "D:/1_Sergi_Lopez/2ndo_DAM/Fran/UnrealExam/MyProject/Content/StarterContent/Textures/T_Wood_Floor_Walnut_N.uasset"
[2018.03.01-17.39.05:188][  0]LogPackFactory: Copied "../../../Samples/StarterContent/Content/StarterContent/Textures/T_Wood_Oak_D.uasset" to "D:/1_Sergi_Lopez/2ndo_DAM/Fran/UnrealExam/MyProject/Content/StarterContent/Textures/T_Wood_Oak_D.uasset"
[2018.03.01-17.39.05:208][  0]LogPackFactory: Copied "../../../Samples/StarterContent/Content/StarterContent/Textures/T_Wood_Oak_N.uasset" to "D:/1_Sergi_Lopez/2ndo_DAM/Fran/UnrealExam/MyProject/Content/StarterContent/Textures/T_Wood_Oak_N.uasset"
[2018.03.01-17.39.05:239][  0]LogPackFactory: Copied "../../../Samples/StarterContent/Content/StarterContent/Textures/T_Wood_Pine_D.uasset" to "D:/1_Sergi_Lopez/2ndo_DAM/Fran/UnrealExam/MyProject/Content/StarterContent/Textures/T_Wood_Pine_D.uasset"
[2018.03.01-17.39.05:251][  0]LogPackFactory: Copied "../../../Samples/StarterContent/Content/StarterContent/Textures/T_Wood_Pine_N.uasset" to "D:/1_Sergi_Lopez/2ndo_DAM/Fran/UnrealExam/MyProject/Content/StarterContent/Textures/T_Wood_Pine_N.uasset"
[2018.03.01-17.39.05:273][  0]LogPackFactory: Copied "../../../Samples/StarterContent/Content/StarterContent/Textures/T_Wood_Walnut_D.uasset" to "D:/1_Sergi_Lopez/2ndo_DAM/Fran/UnrealExam/MyProject/Content/StarterContent/Textures/T_Wood_Walnut_D.uasset"
[2018.03.01-17.39.05:286][  0]LogPackFactory: Copied "../../../Samples/StarterContent/Content/StarterContent/Textures/T_Wood_Walnut_N.uasset" to "D:/1_Sergi_Lopez/2ndo_DAM/Fran/UnrealExam/MyProject/Content/StarterContent/Textures/T_Wood_Walnut_N.uasset"
[2018.03.01-17.39.05:297][  0]LogStaticMesh: Building static mesh Floor_400x400...
[2018.03.01-17.39.05:299][  0]LogStaticMesh: Built static mesh [0.00s] /Game/StarterContent/Architecture/Floor_400x400.Floor_400x400
[2018.03.01-17.39.05:363][  0]LogRenderer: Reallocating scene render targets to support 256x256 Format 10 NumSamples 1 (Frame:1).
[2018.03.01-17.39.05:511][  0]LogSavePackage: Save=45.65ms
[2018.03.01-17.39.05:511][  0]LogSavePackage: Moving 'D:/1_Sergi_Lopez/2ndo_DAM/Fran/UnrealExam/MyProject/Saved/Floor_400x4005ADFD79847C46FF83C4DE280D725E31D.tmp' to 'D:/1_Sergi_Lopez/2ndo_DAM/Fran/UnrealExam/MyProject/Content/StarterContent/Architecture/Floor_400x400.uasset'
[2018.03.01-17.39.05:516][  0]LogSavePackage: Display: Finished SavePackage D:/1_Sergi_Lopez/2ndo_DAM/Fran/UnrealExam/MyProject/Content/StarterContent/Architecture/Floor_400x400.uasset
[2018.03.01-17.39.05:516][  0]LogFeaturePack: Warning: Inserted 1 feature packs
[2018.03.01-17.39.05:517][  0]Cmd: MAP LOAD FILE="D:/1_Sergi_Lopez/2ndo_DAM/Fran/UnrealExam/MyProject/Content/ThirdPersonBP/Maps/ThirdPersonExampleMap.umap" TEMPLATE=0 SHOWPROGRESS=1 FEATURELEVEL=3
[2018.03.01-17.39.05:517][  0]LightingResults: New page: Lighting Build
[2018.03.01-17.39.05:546][  0]MapCheck: New page: Map Check
[2018.03.01-17.39.05:546][  0]LightingResults: New page: Lighting Build
[2018.03.01-17.39.05:891][  0]LogAIModule: Creating AISystem for world ThirdPersonExampleMap
[2018.03.01-17.39.05:899][  0]LogEditorServer: Finished looking for orphan Actors (0.000 secs)
[2018.03.01-17.39.05:921][  0]Cmd: MAP CHECKDEP NOCLEARLOG
[2018.03.01-17.39.05:952][  0]MapCheck: Map check complete: 0 Error(s), 0 Warning(s), took 30.601ms to complete.
[2018.03.01-17.39.05:952][  0]LogFileHelpers: Loading map 'ThirdPersonExampleMap' took 0.436
[2018.03.01-17.39.06:102][  0]LogCollectionManager: Loaded 0 collections in 0.001628 seconds
[2018.03.01-17.39.06:178][  0]LogFileCache: Scanning file cache for directory 'D:/1_Sergi_Lopez/2ndo_DAM/Fran/UnrealExam/MyProject/Saved/Collections/' took 0.01s
[2018.03.01-17.39.06:178][  0]LogFileCache: Scanning file cache for directory 'D:/1_Sergi_Lopez/2ndo_DAM/Fran/UnrealExam/MyProject/Content/Developers/sergilopez/Collections/' took 0.01s
[2018.03.01-17.39.06:178][  0]LogFileCache: Scanning file cache for directory 'D:/1_Sergi_Lopez/2ndo_DAM/Fran/UnrealExam/MyProject/Content/Collections/' took 0.01s
[2018.03.01-17.39.06:178][  0]LogCollectionManager: Rebuilt the GUID cache for 0 collections in 0.000001 seconds
[2018.03.01-17.39.06:192][  0]LogContentBrowser: Native class hierarchy populated in 0.0134 seconds. Added 2386 classes and 500 folders.
[2018.03.01-17.39.06:244][  0]LogContentBrowser: Native class hierarchy updated for 'WidgetCarousel' in 0.0006 seconds. Added 0 classes and 0 folders.
[2018.03.01-17.39.06:272][  0]LogContentBrowser: Native class hierarchy updated for 'AddContentDialog' in 0.0006 seconds. Added 0 classes and 0 folders.
[2018.03.01-17.39.06:301][  0]LogContentBrowser: Native class hierarchy updated for 'SceneOutliner' in 0.0006 seconds. Added 1 classes and 2 folders.
[2018.03.01-17.39.06:318][  0]LogSlate: Took 0.000112 seconds to synchronously load lazily loaded font '../../../Engine/Content/Slate/Fonts/Roboto-Regular.ttf' (155K)
[2018.03.01-17.39.06:320][  0]LogSlate: Took 0.000131 seconds to synchronously load lazily loaded font '../../../Engine/Content/Slate/Fonts/Roboto-Bold.ttf' (160K)
[2018.03.01-17.39.06:324][  0]LogSlate: Took 0.000093 seconds to synchronously load lazily loaded font '../../../Engine/Content/Editor/Slate/Fonts/FontAwesome.ttf' (139K)
[2018.03.01-17.39.06:356][  0]LogRenderer: Reallocating scene render targets to support 1208x576 Format 10 NumSamples 1 (Frame:1).
[2018.03.01-17.39.06:391][  0]LogSlate: Took 0.000276 seconds to synchronously load lazily loaded font '../../../Engine/Content/Slate/Fonts/Roboto-Light.ttf' (159K)
[2018.03.01-17.39.06:593][  0]LogContentBrowser: Native class hierarchy updated for 'HierarchicalLODOutliner' in 0.0006 seconds. Added 1 classes and 2 folders.
[2018.03.01-17.39.06:593][  0]LogLoad: (Engine Initialization) Total time: 14.60 seconds
[2018.03.01-17.39.06:593][  0]LogLoad: (Engine Initialization) Total Blueprint compile time: 0.00 seconds
[2018.03.01-17.39.06:593][  0]LogExternalProfiler: Found external profiler: VSPerf
[2018.03.01-17.39.06:593][  0]LogExternalProfiler: Using external profiler: VSPerf
[2018.03.01-17.39.06:622][  0]LogAssetRegistry: Asset discovery search completed in 10.6202 seconds
[2018.03.01-17.39.06:624][  0]LogCollectionManager: Rebuilt the object cache for 0 collections in 0.000000 seconds (found 0 objects)
[2018.03.01-17.39.06:624][  0]LogCollectionManager: Fixed up redirectors for 0 collections in 0.000042 seconds (updated 0 objects)
[2018.03.01-17.39.06:687][  0]LogContentStreaming: Texture pool size now 1000 MB
[2018.03.01-17.39.28:525][271]LogSlate: Took 0.000096 seconds to synchronously load lazily loaded font '../../../Engine/Content/Slate/Fonts/Roboto-Light.ttf' (159K)
[2018.03.01-17.39.28:613][271]LogSavePackage: Save=54.48ms
[2018.03.01-17.39.28:613][271]LogSavePackage: Moving 'D:/1_Sergi_Lopez/2ndo_DAM/Fran/UnrealExam/MyProject/Saved/ThirdPersonExampleMapC8B5B9434C6B2A8E1391E69872A5291E.tmp' to 'D:/1_Sergi_Lopez/2ndo_DAM/Fran/UnrealExam/MyProject/Content/ThirdPersonBP/Maps/ThirdPersonExampleMap.umap'
[2018.03.01-17.39.28:615][271]LogSavePackage: Display: Finished SavePackage D:/1_Sergi_Lopez/2ndo_DAM/Fran/UnrealExam/MyProject/Content/ThirdPersonBP/Maps/ThirdPersonExampleMap.umap
[2018.03.01-17.39.28:783][271]LogSavePackage: Save=158.38ms
[2018.03.01-17.39.28:783][271]LogSavePackage: Moving 'D:/1_Sergi_Lopez/2ndo_DAM/Fran/UnrealExam/MyProject/Saved/ThirdPersonExampleMap_BuiltData76FFB3F841DDDC6FF0B4A9940E28A976.tmp' to 'D:/1_Sergi_Lopez/2ndo_DAM/Fran/UnrealExam/MyProject/Content/ThirdPersonBP/Maps/ThirdPersonExampleMap_BuiltData.uasset'
[2018.03.01-17.39.28:783][271]LogSavePackage: Display: Finished SavePackage D:/1_Sergi_Lopez/2ndo_DAM/Fran/UnrealExam/MyProject/Content/ThirdPersonBP/Maps/ThirdPersonExampleMap_BuiltData.uasset
